[22:42:15.987] Log Level: 2
[22:42:15.989] remote-ssh@0.90.1
[22:42:15.989] linux x64
[22:42:16.013] SSH Resolver called for "ssh-remote+hust02", attempt 1
[22:42:16.013] "remote.SSH.useLocalServer": true
[22:42:16.014] "remote.SSH.path": undefined
[22:42:16.014] "remote.SSH.configFile": undefined
[22:42:16.014] "remote.SSH.useFlock": true
[22:42:16.014] "remote.SSH.lockfilesInTmp": false
[22:42:16.014] "remote.SSH.localServerDownload": auto
[22:42:16.015] "remote.SSH.remoteServerListenOnSocket": false
[22:42:16.015] "remote.SSH.showLoginTerminal": false
[22:42:16.015] "remote.SSH.defaultExtensions": []
[22:42:16.015] "remote.SSH.loglevel": 2
[22:42:16.015] "remote.SSH.enableDynamicForwarding": true
[22:42:16.016] "remote.SSH.enableRemoteCommand": false
[22:42:16.016] "remote.SSH.serverPickPortsFromRange": {}
[22:42:16.016] "remote.SSH.serverInstallPath": {}
[22:42:16.026] SSH Resolver called for host: hust02
[22:42:16.026] Setting up SSH remote "hust02"
[22:42:16.032] Acquiring local install lock: /tmp/vscode-remote-ssh-d8136d83-install.lock
[22:42:16.035] Looking for existing server data file at /home/xyw/Documents/Code/Csdiy/Database/DBCMU2022/bustub-20221128-2022fall/.vscode-root/User/globalStorage/ms-vscode-remote.remote-ssh/vscode-ssh-host-d8136d83-784b0177c56c607789f9638da7b6bf3230d47a8c-0.90.1/data.json
[22:42:16.036] Using commit id "784b0177c56c607789f9638da7b6bf3230d47a8c" and quality "stable" for server
[22:42:16.042] Install and start server if needed
[22:42:16.049] PATH: /usr/local/sbin:/usr/local/bin:/usr/sbin:/usr/bin:/sbin:/bin:/snap/bin
[22:42:16.049] Checking ssh with "ssh -V"
[22:42:16.068] > OpenSSH_8.2p1 Ubuntu-4ubuntu0.5, OpenSSL 1.1.1f  31 Mar 2020

[22:42:16.074] askpass server listening on /tmp/vscode-ssh-askpass-cead23cd5d3bdab1bdb92e28105420beffddb997.sock
[22:42:16.075] Spawning local server with {"serverId":1,"ipcHandlePath":"/tmp/vscode-ssh-askpass-bdad836686095e93e4ee6cddb886ee83da9e5b8d.sock","sshCommand":"ssh","sshArgs":["-v","-T","-D","46417","-o","ConnectTimeout=15","hust02"],"serverDataFolderName":".vscode-server","dataFilePath":"/home/xyw/Documents/Code/Csdiy/Database/DBCMU2022/bustub-20221128-2022fall/.vscode-root/User/globalStorage/ms-vscode-remote.remote-ssh/vscode-ssh-host-d8136d83-784b0177c56c607789f9638da7b6bf3230d47a8c-0.90.1/data.json"}
[22:42:16.075] Local server env: {"SHELL":"/bin/bash","DISPLAY":":0","ELECTRON_RUN_AS_NODE":"1","SSH_ASKPASS":"/root/.vscode/extensions/ms-vscode-remote.remote-ssh-0.90.1/out/local-server/askpass.sh","VSCODE_SSH_ASKPASS_NODE":"/usr/share/code/code","VSCODE_SSH_ASKPASS_EXTRA_ARGS":"--ms-enable-electron-run-as-node","VSCODE_SSH_ASKPASS_MAIN":"/root/.vscode/extensions/ms-vscode-remote.remote-ssh-0.90.1/out/askpass-main.js","VSCODE_SSH_ASKPASS_HANDLE":"/tmp/vscode-ssh-askpass-cead23cd5d3bdab1bdb92e28105420beffddb997.sock"}
[22:42:16.085] Spawned 128926
[22:42:16.268] > local-server-1> Spawned ssh, pid=128935
[22:42:16.274] stderr> OpenSSH_8.2p1 Ubuntu-4ubuntu0.5, OpenSSL 1.1.1f  31 Mar 2020
[22:42:16.275] stderr> ssh: Could not resolve hostname xz-ct1.cloudiplc.com: Temporary failure in name resolution
[22:42:16.276] > local-server-1> ssh child died, shutting down
[22:42:16.284] Local server exit: 0
[22:42:16.285] Received install output: local-server-1> Spawned ssh, pid=128935
OpenSSH_8.2p1 Ubuntu-4ubuntu0.5, OpenSSL 1.1.1f  31 Mar 2020
ssh: Could not resolve hostname xz-ct1.cloudiplc.com: Temporary failure in name resolution
local-server-1> ssh child died, shutting down

[22:42:16.287] Resolver error: Error: Could not resolve hostname
	at g.Offline (/root/.vscode/extensions/ms-vscode-remote.remote-ssh-0.90.1/out/extension.js:1:585273)
	at /root/.vscode/extensions/ms-vscode-remote.remote-ssh-0.90.1/out/extension.js:1:582694
	at t.handleInstallOutput (/root/.vscode/extensions/ms-vscode-remote.remote-ssh-0.90.1/out/extension.js:1:583062)
	at Object.e [as tryInstallWithLocalServer] (/root/.vscode/extensions/ms-vscode-remote.remote-ssh-0.90.1/out/extension.js:1:624373)
	at process.processTicksAndRejections (node:internal/process/task_queues:96:5)
	at async /root/.vscode/extensions/ms-vscode-remote.remote-ssh-0.90.1/out/extension.js:1:643506
	at async t.withShowDetailsEvent (/root/.vscode/extensions/ms-vscode-remote.remote-ssh-0.90.1/out/extension.js:1:647224)
	at async /root/.vscode/extensions/ms-vscode-remote.remote-ssh-0.90.1/out/extension.js:1:622845
	at async T (/root/.vscode/extensions/ms-vscode-remote.remote-ssh-0.90.1/out/extension.js:1:619351)
	at async t.resolveWithLocalServer (/root/.vscode/extensions/ms-vscode-remote.remote-ssh-0.90.1/out/extension.js:1:622460)
	at async t.resolve (/root/.vscode/extensions/ms-vscode-remote.remote-ssh-0.90.1/out/extension.js:1:644834)
	at async /root/.vscode/extensions/ms-vscode-remote.remote-ssh-0.90.1/out/extension.js:1:726917
[22:42:16.298] ------




[22:42:16.318] ------




[22:42:16.318] SSH Resolver called for "ssh-remote+hust02", attempt 2, (Reconnection)
[22:42:16.320] SSH Resolver called for host: hust02
[22:42:16.320] Setting up SSH remote "hust02"
[22:42:16.321] Acquiring local install lock: /tmp/vscode-remote-ssh-d8136d83-install.lock
[22:42:16.322] Looking for existing server data file at /home/xyw/Documents/Code/Csdiy/Database/DBCMU2022/bustub-20221128-2022fall/.vscode-root/User/globalStorage/ms-vscode-remote.remote-ssh/vscode-ssh-host-d8136d83-784b0177c56c607789f9638da7b6bf3230d47a8c-0.90.1/data.json
[22:42:16.323] Using commit id "784b0177c56c607789f9638da7b6bf3230d47a8c" and quality "stable" for server
[22:42:16.327] Install and start server if needed
[22:42:16.338] askpass server listening on /tmp/vscode-ssh-askpass-308e717fc0ede80676ec405c7cfdcee7abaa0f34.sock
[22:42:16.339] Spawning local server with {"serverId":2,"ipcHandlePath":"/tmp/vscode-ssh-askpass-3830125a16c2138f116873d3b8df4bf90091e11a.sock","sshCommand":"ssh","sshArgs":["-v","-T","-D","43655","-o","ConnectTimeout=15","hust02"],"serverDataFolderName":".vscode-server","dataFilePath":"/home/xyw/Documents/Code/Csdiy/Database/DBCMU2022/bustub-20221128-2022fall/.vscode-root/User/globalStorage/ms-vscode-remote.remote-ssh/vscode-ssh-host-d8136d83-784b0177c56c607789f9638da7b6bf3230d47a8c-0.90.1/data.json"}
[22:42:16.339] Local server env: {"SHELL":"/bin/bash","DISPLAY":":0","ELECTRON_RUN_AS_NODE":"1","SSH_ASKPASS":"/root/.vscode/extensions/ms-vscode-remote.remote-ssh-0.90.1/out/local-server/askpass.sh","VSCODE_SSH_ASKPASS_NODE":"/usr/share/code/code","VSCODE_SSH_ASKPASS_EXTRA_ARGS":"--ms-enable-electron-run-as-node","VSCODE_SSH_ASKPASS_MAIN":"/root/.vscode/extensions/ms-vscode-remote.remote-ssh-0.90.1/out/askpass-main.js","VSCODE_SSH_ASKPASS_HANDLE":"/tmp/vscode-ssh-askpass-308e717fc0ede80676ec405c7cfdcee7abaa0f34.sock"}
[22:42:16.348] Spawned 128936
[22:42:16.594] > local-server-2> Spawned ssh, pid=128946
[22:42:16.608] stderr> OpenSSH_8.2p1 Ubuntu-4ubuntu0.5, OpenSSL 1.1.1f  31 Mar 2020
[22:42:16.608] stderr> ssh: Could not resolve hostname xz-ct1.cloudiplc.com: Temporary failure in name resolution
[22:42:16.609] > local-server-2> ssh child died, shutting down
[22:42:16.622] Local server exit: 0
[22:42:16.623] Received install output: local-server-2> Spawned ssh, pid=128946
OpenSSH_8.2p1 Ubuntu-4ubuntu0.5, OpenSSL 1.1.1f  31 Mar 2020
ssh: Could not resolve hostname xz-ct1.cloudiplc.com: Temporary failure in name resolution
local-server-2> ssh child died, shutting down

[22:42:16.625] Resolver error: Error: Could not resolve hostname
	at g.Offline (/root/.vscode/extensions/ms-vscode-remote.remote-ssh-0.90.1/out/extension.js:1:585273)
	at /root/.vscode/extensions/ms-vscode-remote.remote-ssh-0.90.1/out/extension.js:1:582694
	at t.handleInstallOutput (/root/.vscode/extensions/ms-vscode-remote.remote-ssh-0.90.1/out/extension.js:1:583062)
	at Object.e [as tryInstallWithLocalServer] (/root/.vscode/extensions/ms-vscode-remote.remote-ssh-0.90.1/out/extension.js:1:624373)
	at process.processTicksAndRejections (node:internal/process/task_queues:96:5)
	at async /root/.vscode/extensions/ms-vscode-remote.remote-ssh-0.90.1/out/extension.js:1:643506
	at async t.withShowDetailsEvent (/root/.vscode/extensions/ms-vscode-remote.remote-ssh-0.90.1/out/extension.js:1:647224)
	at async /root/.vscode/extensions/ms-vscode-remote.remote-ssh-0.90.1/out/extension.js:1:622845
	at async T (/root/.vscode/extensions/ms-vscode-remote.remote-ssh-0.90.1/out/extension.js:1:619351)
	at async t.resolveWithLocalServer (/root/.vscode/extensions/ms-vscode-remote.remote-ssh-0.90.1/out/extension.js:1:622460)
	at async t.resolve (/root/.vscode/extensions/ms-vscode-remote.remote-ssh-0.90.1/out/extension.js:1:644834)
	at async /root/.vscode/extensions/ms-vscode-remote.remote-ssh-0.90.1/out/extension.js:1:726917
[22:42:16.632] ------




[22:42:16.660] ------




[22:42:16.660] SSH Resolver called for "ssh-remote+hust02", attempt 3, (Reconnection)
[22:42:16.671] SSH Resolver called for host: hust02
[22:42:16.672] Setting up SSH remote "hust02"
[22:42:16.675] Acquiring local install lock: /tmp/vscode-remote-ssh-d8136d83-install.lock
[22:42:16.677] Looking for existing server data file at /home/xyw/Documents/Code/Csdiy/Database/DBCMU2022/bustub-20221128-2022fall/.vscode-root/User/globalStorage/ms-vscode-remote.remote-ssh/vscode-ssh-host-d8136d83-784b0177c56c607789f9638da7b6bf3230d47a8c-0.90.1/data.json
[22:42:16.678] Using commit id "784b0177c56c607789f9638da7b6bf3230d47a8c" and quality "stable" for server
[22:42:16.686] Install and start server if needed
[22:42:16.748] askpass server listening on /tmp/vscode-ssh-askpass-d3ffc0b510bef7f2c30c16a923ae4894321998cc.sock
[22:42:16.749] Spawning local server with {"serverId":3,"ipcHandlePath":"/tmp/vscode-ssh-askpass-2885ae2c873f11af1417e86a011b2cabec1dd699.sock","sshCommand":"ssh","sshArgs":["-v","-T","-D","43721","-o","ConnectTimeout=15","hust02"],"serverDataFolderName":".vscode-server","dataFilePath":"/home/xyw/Documents/Code/Csdiy/Database/DBCMU2022/bustub-20221128-2022fall/.vscode-root/User/globalStorage/ms-vscode-remote.remote-ssh/vscode-ssh-host-d8136d83-784b0177c56c607789f9638da7b6bf3230d47a8c-0.90.1/data.json"}
[22:42:16.749] Local server env: {"SHELL":"/bin/bash","DISPLAY":":0","ELECTRON_RUN_AS_NODE":"1","SSH_ASKPASS":"/root/.vscode/extensions/ms-vscode-remote.remote-ssh-0.90.1/out/local-server/askpass.sh","VSCODE_SSH_ASKPASS_NODE":"/usr/share/code/code","VSCODE_SSH_ASKPASS_EXTRA_ARGS":"--ms-enable-electron-run-as-node","VSCODE_SSH_ASKPASS_MAIN":"/root/.vscode/extensions/ms-vscode-remote.remote-ssh-0.90.1/out/askpass-main.js","VSCODE_SSH_ASKPASS_HANDLE":"/tmp/vscode-ssh-askpass-d3ffc0b510bef7f2c30c16a923ae4894321998cc.sock"}
[22:42:16.759] Spawned 128956
[22:42:17.010] > local-server-3> Spawned ssh, pid=128968
[22:42:17.020] stderr> OpenSSH_8.2p1 Ubuntu-4ubuntu0.5, OpenSSL 1.1.1f  31 Mar 2020
[22:42:17.021] stderr> ssh: Could not resolve hostname xz-ct1.cloudiplc.com: Temporary failure in name resolution
[22:42:17.024] > local-server-3> ssh child died, shutting down
[22:42:17.034] Local server exit: 0
[22:42:17.034] Received install output: local-server-3> Spawned ssh, pid=128968
OpenSSH_8.2p1 Ubuntu-4ubuntu0.5, OpenSSL 1.1.1f  31 Mar 2020
ssh: Could not resolve hostname xz-ct1.cloudiplc.com: Temporary failure in name resolution
local-server-3> ssh child died, shutting down

[22:42:17.036] Resolver error: Error: Could not resolve hostname
	at g.Offline (/root/.vscode/extensions/ms-vscode-remote.remote-ssh-0.90.1/out/extension.js:1:585273)
	at /root/.vscode/extensions/ms-vscode-remote.remote-ssh-0.90.1/out/extension.js:1:582694
	at t.handleInstallOutput (/root/.vscode/extensions/ms-vscode-remote.remote-ssh-0.90.1/out/extension.js:1:583062)
	at Object.e [as tryInstallWithLocalServer] (/root/.vscode/extensions/ms-vscode-remote.remote-ssh-0.90.1/out/extension.js:1:624373)
	at process.processTicksAndRejections (node:internal/process/task_queues:96:5)
	at async /root/.vscode/extensions/ms-vscode-remote.remote-ssh-0.90.1/out/extension.js:1:643506
	at async t.withShowDetailsEvent (/root/.vscode/extensions/ms-vscode-remote.remote-ssh-0.90.1/out/extension.js:1:647224)
	at async /root/.vscode/extensions/ms-vscode-remote.remote-ssh-0.90.1/out/extension.js:1:622845
	at async T (/root/.vscode/extensions/ms-vscode-remote.remote-ssh-0.90.1/out/extension.js:1:619351)
	at async t.resolveWithLocalServer (/root/.vscode/extensions/ms-vscode-remote.remote-ssh-0.90.1/out/extension.js:1:622460)
	at async t.resolve (/root/.vscode/extensions/ms-vscode-remote.remote-ssh-0.90.1/out/extension.js:1:644834)
	at async /root/.vscode/extensions/ms-vscode-remote.remote-ssh-0.90.1/out/extension.js:1:726917
[22:42:17.040] ------




[22:42:17.053] ------




[22:42:17.054] SSH Resolver called for "ssh-remote+hust02", attempt 4, (Reconnection)
[22:42:17.058] SSH Resolver called for host: hust02
[22:42:17.058] Setting up SSH remote "hust02"
[22:42:17.059] Acquiring local install lock: /tmp/vscode-remote-ssh-d8136d83-install.lock
[22:42:17.060] Looking for existing server data file at /home/xyw/Documents/Code/Csdiy/Database/DBCMU2022/bustub-20221128-2022fall/.vscode-root/User/globalStorage/ms-vscode-remote.remote-ssh/vscode-ssh-host-d8136d83-784b0177c56c607789f9638da7b6bf3230d47a8c-0.90.1/data.json
[22:42:17.061] Using commit id "784b0177c56c607789f9638da7b6bf3230d47a8c" and quality "stable" for server
[22:42:17.068] Install and start server if needed
[22:42:17.078] askpass server listening on /tmp/vscode-ssh-askpass-fed672ed7fed189a922e82abc44618f5a3dd1458.sock
[22:42:17.079] Spawning local server with {"serverId":4,"ipcHandlePath":"/tmp/vscode-ssh-askpass-e4397ef4686dc5d0a6e4f9cc71d674dab7621b3d.sock","sshCommand":"ssh","sshArgs":["-v","-T","-D","45809","-o","ConnectTimeout=15","hust02"],"serverDataFolderName":".vscode-server","dataFilePath":"/home/xyw/Documents/Code/Csdiy/Database/DBCMU2022/bustub-20221128-2022fall/.vscode-root/User/globalStorage/ms-vscode-remote.remote-ssh/vscode-ssh-host-d8136d83-784b0177c56c607789f9638da7b6bf3230d47a8c-0.90.1/data.json"}
[22:42:17.079] Local server env: {"SHELL":"/bin/bash","DISPLAY":":0","ELECTRON_RUN_AS_NODE":"1","SSH_ASKPASS":"/root/.vscode/extensions/ms-vscode-remote.remote-ssh-0.90.1/out/local-server/askpass.sh","VSCODE_SSH_ASKPASS_NODE":"/usr/share/code/code","VSCODE_SSH_ASKPASS_EXTRA_ARGS":"--ms-enable-electron-run-as-node","VSCODE_SSH_ASKPASS_MAIN":"/root/.vscode/extensions/ms-vscode-remote.remote-ssh-0.90.1/out/askpass-main.js","VSCODE_SSH_ASKPASS_HANDLE":"/tmp/vscode-ssh-askpass-fed672ed7fed189a922e82abc44618f5a3dd1458.sock"}
[22:42:17.091] Spawned 128969
[22:42:17.303] > local-server-4> Spawned ssh, pid=128977
[22:42:17.310] stderr> OpenSSH_8.2p1 Ubuntu-4ubuntu0.5, OpenSSL 1.1.1f  31 Mar 2020
[22:42:17.311] stderr> ssh: Could not resolve hostname xz-ct1.cloudiplc.com: Temporary failure in name resolution
[22:42:17.312] > local-server-4> ssh child died, shutting down
[22:42:17.320] Local server exit: 0
[22:42:17.321] Received install output: local-server-4> Spawned ssh, pid=128977
OpenSSH_8.2p1 Ubuntu-4ubuntu0.5, OpenSSL 1.1.1f  31 Mar 2020
ssh: Could not resolve hostname xz-ct1.cloudiplc.com: Temporary failure in name resolution
local-server-4> ssh child died, shutting down

[22:42:17.322] Resolver error: Error: Could not resolve hostname
	at g.Offline (/root/.vscode/extensions/ms-vscode-remote.remote-ssh-0.90.1/out/extension.js:1:585273)
	at /root/.vscode/extensions/ms-vscode-remote.remote-ssh-0.90.1/out/extension.js:1:582694
	at t.handleInstallOutput (/root/.vscode/extensions/ms-vscode-remote.remote-ssh-0.90.1/out/extension.js:1:583062)
	at Object.e [as tryInstallWithLocalServer] (/root/.vscode/extensions/ms-vscode-remote.remote-ssh-0.90.1/out/extension.js:1:624373)
	at process.processTicksAndRejections (node:internal/process/task_queues:96:5)
	at async /root/.vscode/extensions/ms-vscode-remote.remote-ssh-0.90.1/out/extension.js:1:643506
	at async t.withShowDetailsEvent (/root/.vscode/extensions/ms-vscode-remote.remote-ssh-0.90.1/out/extension.js:1:647224)
	at async /root/.vscode/extensions/ms-vscode-remote.remote-ssh-0.90.1/out/extension.js:1:622845
	at async T (/root/.vscode/extensions/ms-vscode-remote.remote-ssh-0.90.1/out/extension.js:1:619351)
	at async t.resolveWithLocalServer (/root/.vscode/extensions/ms-vscode-remote.remote-ssh-0.90.1/out/extension.js:1:622460)
	at async t.resolve (/root/.vscode/extensions/ms-vscode-remote.remote-ssh-0.90.1/out/extension.js:1:644834)
	at async /root/.vscode/extensions/ms-vscode-remote.remote-ssh-0.90.1/out/extension.js:1:726917
[22:42:17.325] ------




[22:42:17.343] ------




[22:42:17.343] SSH Resolver called for "ssh-remote+hust02", attempt 5, (Reconnection)
[22:42:17.346] SSH Resolver called for host: hust02
[22:42:17.346] Setting up SSH remote "hust02"
[22:42:17.347] Acquiring local install lock: /tmp/vscode-remote-ssh-d8136d83-install.lock
[22:42:17.348] Looking for existing server data file at /home/xyw/Documents/Code/Csdiy/Database/DBCMU2022/bustub-20221128-2022fall/.vscode-root/User/globalStorage/ms-vscode-remote.remote-ssh/vscode-ssh-host-d8136d83-784b0177c56c607789f9638da7b6bf3230d47a8c-0.90.1/data.json
[22:42:17.349] Using commit id "784b0177c56c607789f9638da7b6bf3230d47a8c" and quality "stable" for server
[22:42:17.352] Install and start server if needed
[22:42:17.363] askpass server listening on /tmp/vscode-ssh-askpass-6f309e6c2b7906d420ec177a512533755d560375.sock
[22:42:17.364] Spawning local server with {"serverId":5,"ipcHandlePath":"/tmp/vscode-ssh-askpass-52c963abb10d6df801711303df7782bc231d1bc3.sock","sshCommand":"ssh","sshArgs":["-v","-T","-D","38491","-o","ConnectTimeout=15","hust02"],"serverDataFolderName":".vscode-server","dataFilePath":"/home/xyw/Documents/Code/Csdiy/Database/DBCMU2022/bustub-20221128-2022fall/.vscode-root/User/globalStorage/ms-vscode-remote.remote-ssh/vscode-ssh-host-d8136d83-784b0177c56c607789f9638da7b6bf3230d47a8c-0.90.1/data.json"}
[22:42:17.364] Local server env: {"SHELL":"/bin/bash","DISPLAY":":0","ELECTRON_RUN_AS_NODE":"1","SSH_ASKPASS":"/root/.vscode/extensions/ms-vscode-remote.remote-ssh-0.90.1/out/local-server/askpass.sh","VSCODE_SSH_ASKPASS_NODE":"/usr/share/code/code","VSCODE_SSH_ASKPASS_EXTRA_ARGS":"--ms-enable-electron-run-as-node","VSCODE_SSH_ASKPASS_MAIN":"/root/.vscode/extensions/ms-vscode-remote.remote-ssh-0.90.1/out/askpass-main.js","VSCODE_SSH_ASKPASS_HANDLE":"/tmp/vscode-ssh-askpass-6f309e6c2b7906d420ec177a512533755d560375.sock"}
[22:42:17.379] Spawned 128978
[22:42:17.600] > local-server-5> Spawned ssh, pid=128986
[22:42:17.610] stderr> OpenSSH_8.2p1 Ubuntu-4ubuntu0.5, OpenSSL 1.1.1f  31 Mar 2020
[22:42:17.611] stderr> ssh: Could not resolve hostname xz-ct1.cloudiplc.com: Temporary failure in name resolution
[22:42:17.615] > local-server-5> ssh child died, shutting down
[22:42:17.628] Local server exit: 0
[22:42:17.628] Received install output: local-server-5> Spawned ssh, pid=128986
OpenSSH_8.2p1 Ubuntu-4ubuntu0.5, OpenSSL 1.1.1f  31 Mar 2020
ssh: Could not resolve hostname xz-ct1.cloudiplc.com: Temporary failure in name resolution
local-server-5> ssh child died, shutting down

[22:42:17.631] Resolver error: Error: Could not resolve hostname
	at g.Offline (/root/.vscode/extensions/ms-vscode-remote.remote-ssh-0.90.1/out/extension.js:1:585273)
	at /root/.vscode/extensions/ms-vscode-remote.remote-ssh-0.90.1/out/extension.js:1:582694
	at t.handleInstallOutput (/root/.vscode/extensions/ms-vscode-remote.remote-ssh-0.90.1/out/extension.js:1:583062)
	at Object.e [as tryInstallWithLocalServer] (/root/.vscode/extensions/ms-vscode-remote.remote-ssh-0.90.1/out/extension.js:1:624373)
	at process.processTicksAndRejections (node:internal/process/task_queues:96:5)
	at async /root/.vscode/extensions/ms-vscode-remote.remote-ssh-0.90.1/out/extension.js:1:643506
	at async t.withShowDetailsEvent (/root/.vscode/extensions/ms-vscode-remote.remote-ssh-0.90.1/out/extension.js:1:647224)
	at async /root/.vscode/extensions/ms-vscode-remote.remote-ssh-0.90.1/out/extension.js:1:622845
	at async T (/root/.vscode/extensions/ms-vscode-remote.remote-ssh-0.90.1/out/extension.js:1:619351)
	at async t.resolveWithLocalServer (/root/.vscode/extensions/ms-vscode-remote.remote-ssh-0.90.1/out/extension.js:1:622460)
	at async t.resolve (/root/.vscode/extensions/ms-vscode-remote.remote-ssh-0.90.1/out/extension.js:1:644834)
	at async /root/.vscode/extensions/ms-vscode-remote.remote-ssh-0.90.1/out/extension.js:1:726917
[22:42:17.640] ------




