[21:35:52.251] Log Level: 2
[21:35:52.254] remote-ssh@0.90.1
[21:35:52.255] linux x64
[21:35:52.263] SSH Resolver called for "ssh-remote+hust02", attempt 1
[21:35:52.264] "remote.SSH.useLocalServer": true
[21:35:52.264] "remote.SSH.path": undefined
[21:35:52.265] "remote.SSH.configFile": undefined
[21:35:52.265] "remote.SSH.useFlock": true
[21:35:52.265] "remote.SSH.lockfilesInTmp": false
[21:35:52.266] "remote.SSH.localServerDownload": auto
[21:35:52.266] "remote.SSH.remoteServerListenOnSocket": false
[21:35:52.266] "remote.SSH.showLoginTerminal": false
[21:35:52.267] "remote.SSH.defaultExtensions": []
[21:35:52.268] "remote.SSH.loglevel": 2
[21:35:52.268] "remote.SSH.enableDynamicForwarding": true
[21:35:52.269] "remote.SSH.enableRemoteCommand": false
[21:35:52.269] "remote.SSH.serverPickPortsFromRange": {}
[21:35:52.269] "remote.SSH.serverInstallPath": {}
[21:35:52.303] SSH Resolver called for host: hust02
[21:35:52.303] Setting up SSH remote "hust02"
[21:35:52.312] Acquiring local install lock: /tmp/vscode-remote-ssh-d8136d83-install.lock
[21:35:52.337] Looking for existing server data file at /home/xyw/Documents/Code/Csdiy/Database/DBCMU2022/bustub-20221128-2022fall/.vscode-root/User/globalStorage/ms-vscode-remote.remote-ssh/vscode-ssh-host-d8136d83-784b0177c56c607789f9638da7b6bf3230d47a8c-0.90.1/data.json
[21:35:52.338] Using commit id "784b0177c56c607789f9638da7b6bf3230d47a8c" and quality "stable" for server
[21:35:52.343] Install and start server if needed
[21:35:52.350] PATH: /usr/local/sbin:/usr/local/bin:/usr/sbin:/usr/bin:/sbin:/bin:/snap/bin
[21:35:52.351] Checking ssh with "ssh -V"
[21:35:52.367] > OpenSSH_8.2p1 Ubuntu-4ubuntu0.5, OpenSSL 1.1.1f  31 Mar 2020

[21:35:52.375] askpass server listening on /tmp/vscode-ssh-askpass-1c02c282a6e3b70f8e2fa010cfb666fec53b9d8b.sock
[21:35:52.376] Spawning local server with {"serverId":1,"ipcHandlePath":"/tmp/vscode-ssh-askpass-79d35898d6fb6068465c07929807a323e87ca028.sock","sshCommand":"ssh","sshArgs":["-v","-T","-D","44719","-o","ConnectTimeout=15","hust02"],"serverDataFolderName":".vscode-server","dataFilePath":"/home/xyw/Documents/Code/Csdiy/Database/DBCMU2022/bustub-20221128-2022fall/.vscode-root/User/globalStorage/ms-vscode-remote.remote-ssh/vscode-ssh-host-d8136d83-784b0177c56c607789f9638da7b6bf3230d47a8c-0.90.1/data.json"}
[21:35:52.376] Local server env: {"SHELL":"/bin/bash","DISPLAY":":0","ELECTRON_RUN_AS_NODE":"1","SSH_ASKPASS":"/root/.vscode/extensions/ms-vscode-remote.remote-ssh-0.90.1/out/local-server/askpass.sh","VSCODE_SSH_ASKPASS_NODE":"/usr/share/code/code","VSCODE_SSH_ASKPASS_EXTRA_ARGS":"--ms-enable-electron-run-as-node","VSCODE_SSH_ASKPASS_MAIN":"/root/.vscode/extensions/ms-vscode-remote.remote-ssh-0.90.1/out/askpass-main.js","VSCODE_SSH_ASKPASS_HANDLE":"/tmp/vscode-ssh-askpass-1c02c282a6e3b70f8e2fa010cfb666fec53b9d8b.sock"}
[21:35:52.385] Spawned 120713
[21:35:52.652] > local-server-1> Spawned ssh, pid=120721
[21:35:52.664] stderr> OpenSSH_8.2p1 Ubuntu-4ubuntu0.5, OpenSSL 1.1.1f  31 Mar 2020
[21:35:52.962] stderr> debug1: Server host key: ecdsa-sha2-nistp256 SHA256:RTYGHnJ48YY8z0RysizPpTP0ShpOGWw9u4R5abt086k
[21:35:53.222] stderr> Authenticated to xz-ct1.cloudiplc.com ([221.229.197.235]:39234).
[21:35:53.952] > Welcome to Ubuntu 20.04.4 LTS (GNU/Linux 5.4.0-136-generic x86_64)
> 
>  * Documentation:  https://help.ubuntu.com
>  * Management:     https://landscape.canonical.com
>  * Support:        https://ubuntu.com/advantage
> 
>   System information as of Wed 05 Apr 2023 09:35:53 PM CST
> 
>   System load:  0.0                 Processes:                   1494
>   Usage of /:   47.3% of 889.17GB   Users logged in:             2
>   Memory usage: 4%                  IPv4 address for ens25f0:    172.16.9.234
>   Swap usage:   0%                  IPv4 address for ztc25kybwp: 10.144.184.215
>   Temperature:  43.0 C              IPv4 address for ztc25kybwp: 10.144.39.234
> 
>  * Strictly confined Kubernetes makes edge and IoT secure. Learn how MicroK8s
>    just raised the bar for easy, resilient and secure K8s cluster deployment.
> 
>    https://ubuntu.com/engage/secure-kubernetes-at-the-edge
> 
> 176 updates can be applied immediately.
> 8 of these updates are standard security updates.
> To see these additional updates run: apt list --upgradable
> 
> 
> 1 updates could not be installed automatically. For more details,
> see /var/log/unattended-upgrades/unattended-upgrades.log
> Your Hardware Enablement Stack (HWE) is supported until April 2025.
> 
> *** System restart required ***
[21:35:54.025] > ready: 676d55e01604
[21:35:54.078] > Linux 5.4.0-136-generic #153-Ubuntu SMP Thu Nov 24 15:56:58 UTC 2022
[21:35:54.078] Platform: linux
[21:35:54.128] > /bin/bash
[21:35:54.129] Shell: bash
[21:35:54.129] Creating bash subshell inside "bash"
[21:35:54.242] > bash version:  5.0.17(1)-release
[21:35:54.282] > bash version:  5.0.17(1)-release
[21:35:54.355] > bash version:  5.0.17(1)-release
[21:35:54.428] > 676d55e01604: running
> Acquiring lock on /home/xyw/.vscode-server/bin/784b0177c56c607789f9638da7b6bf3230d47a8c/vscode-remote-lock.xyw.784b0177c56c607789f9638da7b6bf3230d47a8c
> Found existing installation at /home/xyw/.vscode-server/bin/784b0177c56c607789f9638da7b6bf3230d47a8c...
> Checking /home/xyw/.vscode-server/.784b0177c56c607789f9638da7b6bf3230d47a8c.log and /home/xyw/.vscode-server/.784b0177c56c607789f9638da7b6bf3230d47a8c.pid for a running server
> Looking for server with pid: 2439628
[21:35:54.512] > Found running server...
>  
> *
> * Reminder: You may only use this software with Visual Studio family products,
> * as described in the license (https://go.microsoft.com/fwlink/?linkid=2077057)
> *
>  
> Checking server status on port 36425 with wget
> 676d55e01604: start
> SSH_AUTH_SOCK====
> DISPLAY====
> webUiAccessToken====
> listeningOn==36425==
> osReleaseId==ubuntu==
> arch==x86_64==
> tmpDir==/run/user/1001==
> platform==linux==
> unpackResult====
> didLocalDownload==0==
> downloadTime====
> installTime====
> extInstallTime====
> serverStartTime====
> connectionToken==11aaaa11-1111-11a1-1111-aa1a1a11a1a1==
> 676d55e01604: end
[21:35:54.512] Received install output: 
SSH_AUTH_SOCK====
DISPLAY====
webUiAccessToken====
listeningOn==36425==
osReleaseId==ubuntu==
arch==x86_64==
tmpDir==/run/user/1001==
platform==linux==
unpackResult====
didLocalDownload==0==
downloadTime====
installTime====
extInstallTime====
serverStartTime====
connectionToken==11aaaa11-1111-11a1-1111-aa1a1a11a1a1==

[21:35:54.513] Remote server is listening on 36425
[21:35:54.514] Parsed server configuration: {"serverConfiguration":{"remoteListeningOn":{"port":36425},"osReleaseId":"ubuntu","arch":"x86_64","webUiAccessToken":"","sshAuthSock":"","display":"","tmpDir":"/run/user/1001","platform":"linux","connectionToken":"11aaaa11-1111-11a1-1111-aa1a1a11a1a1"},"installUnpackCode":""}
[21:35:54.516] Persisting server connection details to /home/xyw/Documents/Code/Csdiy/Database/DBCMU2022/bustub-20221128-2022fall/.vscode-root/User/globalStorage/ms-vscode-remote.remote-ssh/vscode-ssh-host-d8136d83-784b0177c56c607789f9638da7b6bf3230d47a8c-0.90.1/data.json
[21:35:54.521] Starting forwarding server. localPort 42973 -> socksPort 44719 -> remotePort 36425
[21:35:54.521] Forwarding server listening on 42973
[21:35:54.522] Waiting for ssh tunnel to be ready
[21:35:54.523] [Forwarding server 42973] Got connection 0
[21:35:54.525] Tunneled 36425 to local port 42973
[21:35:54.525] Resolved "ssh-remote+hust02" to "127.0.0.1:42973"
[21:35:54.542] ------




[21:35:54.571] [Forwarding server 42973] Got connection 1
[21:35:54.806] [Forwarding server 42973] Got connection 2
