[21:33:00.324] Log Level: 2
[21:33:00.326] remote-ssh@0.90.1
[21:33:00.326] linux x64
[21:33:00.334] SSH Resolver called for "ssh-remote+hustt02", attempt 1
[21:33:00.335] "remote.SSH.useLocalServer": true
[21:33:00.336] "remote.SSH.path": undefined
[21:33:00.336] "remote.SSH.configFile": undefined
[21:33:00.336] "remote.SSH.useFlock": true
[21:33:00.336] "remote.SSH.lockfilesInTmp": false
[21:33:00.336] "remote.SSH.localServerDownload": auto
[21:33:00.336] "remote.SSH.remoteServerListenOnSocket": false
[21:33:00.337] "remote.SSH.showLoginTerminal": false
[21:33:00.337] "remote.SSH.defaultExtensions": []
[21:33:00.337] "remote.SSH.loglevel": 2
[21:33:00.337] "remote.SSH.enableDynamicForwarding": true
[21:33:00.337] "remote.SSH.enableRemoteCommand": false
[21:33:00.337] "remote.SSH.serverPickPortsFromRange": {}
[21:33:00.338] "remote.SSH.serverInstallPath": {}
[21:33:00.369] SSH Resolver called for host: hustt02
[21:33:00.369] Setting up SSH remote "hustt02"
[21:33:00.380] Acquiring local install lock: /tmp/vscode-remote-ssh-6988a32d-install.lock
[21:33:00.388] Looking for existing server data file at /home/xyw/Documents/Code/Csdiy/Database/DBCMU2022/bustub-20221128-2022fall/.vscode-root/User/globalStorage/ms-vscode-remote.remote-ssh/vscode-ssh-host-6988a32d-784b0177c56c607789f9638da7b6bf3230d47a8c-0.90.1/data.json
[21:33:00.389] Using commit id "784b0177c56c607789f9638da7b6bf3230d47a8c" and quality "stable" for server
[21:33:00.395] Install and start server if needed
[21:33:00.436] PATH: /usr/local/sbin:/usr/local/bin:/usr/sbin:/usr/bin:/sbin:/bin:/snap/bin
[21:33:00.436] Checking ssh with "ssh -V"
[21:33:00.479] > OpenSSH_8.2p1 Ubuntu-4ubuntu0.5, OpenSSL 1.1.1f  31 Mar 2020

[21:33:00.492] askpass server listening on /tmp/vscode-ssh-askpass-c140d9a063a9536b8c2c22f85e5d35e2c12f5188.sock
[21:33:00.493] Spawning local server with {"serverId":1,"ipcHandlePath":"/tmp/vscode-ssh-askpass-d588c0a8b375fd45706fcb775c64761503ec5fea.sock","sshCommand":"ssh","sshArgs":["-v","-T","-D","46303","-o","ConnectTimeout=15","hustt02"],"serverDataFolderName":".vscode-server","dataFilePath":"/home/xyw/Documents/Code/Csdiy/Database/DBCMU2022/bustub-20221128-2022fall/.vscode-root/User/globalStorage/ms-vscode-remote.remote-ssh/vscode-ssh-host-6988a32d-784b0177c56c607789f9638da7b6bf3230d47a8c-0.90.1/data.json"}
[21:33:00.494] Local server env: {"SHELL":"/bin/bash","DISPLAY":":0","ELECTRON_RUN_AS_NODE":"1","SSH_ASKPASS":"/root/.vscode/extensions/ms-vscode-remote.remote-ssh-0.90.1/out/local-server/askpass.sh","VSCODE_SSH_ASKPASS_NODE":"/usr/share/code/code","VSCODE_SSH_ASKPASS_EXTRA_ARGS":"--ms-enable-electron-run-as-node","VSCODE_SSH_ASKPASS_MAIN":"/root/.vscode/extensions/ms-vscode-remote.remote-ssh-0.90.1/out/askpass-main.js","VSCODE_SSH_ASKPASS_HANDLE":"/tmp/vscode-ssh-askpass-c140d9a063a9536b8c2c22f85e5d35e2c12f5188.sock"}
[21:33:00.505] Spawned 120235
[21:33:00.770] > local-server-1> Spawned ssh, pid=120243
[21:33:00.776] stderr> OpenSSH_8.2p1 Ubuntu-4ubuntu0.5, OpenSSL 1.1.1f  31 Mar 2020
[21:33:00.777] stderr> ssh: connect to host 222.20.95.156 port 39234: Network is unreachable
[21:33:00.778] > local-server-1> ssh child died, shutting down
[21:33:00.788] Local server exit: 0
[21:33:00.789] Received install output: local-server-1> Spawned ssh, pid=120243
OpenSSH_8.2p1 Ubuntu-4ubuntu0.5, OpenSSL 1.1.1f  31 Mar 2020
ssh: connect to host 222.20.95.156 port 39234: Network is unreachable
local-server-1> ssh child died, shutting down

[21:33:00.792] Resolver error: Error: Network is unreachable
	at g.Offline (/root/.vscode/extensions/ms-vscode-remote.remote-ssh-0.90.1/out/extension.js:1:585273)
	at /root/.vscode/extensions/ms-vscode-remote.remote-ssh-0.90.1/out/extension.js:1:582625
	at t.handleInstallOutput (/root/.vscode/extensions/ms-vscode-remote.remote-ssh-0.90.1/out/extension.js:1:583062)
	at Object.e [as tryInstallWithLocalServer] (/root/.vscode/extensions/ms-vscode-remote.remote-ssh-0.90.1/out/extension.js:1:624373)
	at process.processTicksAndRejections (node:internal/process/task_queues:96:5)
	at async /root/.vscode/extensions/ms-vscode-remote.remote-ssh-0.90.1/out/extension.js:1:643506
	at async t.withShowDetailsEvent (/root/.vscode/extensions/ms-vscode-remote.remote-ssh-0.90.1/out/extension.js:1:647224)
	at async /root/.vscode/extensions/ms-vscode-remote.remote-ssh-0.90.1/out/extension.js:1:622845
	at async T (/root/.vscode/extensions/ms-vscode-remote.remote-ssh-0.90.1/out/extension.js:1:619351)
	at async t.resolveWithLocalServer (/root/.vscode/extensions/ms-vscode-remote.remote-ssh-0.90.1/out/extension.js:1:622460)
	at async t.resolve (/root/.vscode/extensions/ms-vscode-remote.remote-ssh-0.90.1/out/extension.js:1:644834)
	at async /root/.vscode/extensions/ms-vscode-remote.remote-ssh-0.90.1/out/extension.js:1:726917
[21:33:00.806] ------




[21:33:00.964] ------




[21:33:00.964] SSH Resolver called for "ssh-remote+hustt02", attempt 2, (Reconnection)
[21:33:00.966] SSH Resolver called for host: hustt02
[21:33:00.967] Setting up SSH remote "hustt02"
[21:33:00.968] Acquiring local install lock: /tmp/vscode-remote-ssh-6988a32d-install.lock
[21:33:00.968] Looking for existing server data file at /home/xyw/Documents/Code/Csdiy/Database/DBCMU2022/bustub-20221128-2022fall/.vscode-root/User/globalStorage/ms-vscode-remote.remote-ssh/vscode-ssh-host-6988a32d-784b0177c56c607789f9638da7b6bf3230d47a8c-0.90.1/data.json
[21:33:00.969] Using commit id "784b0177c56c607789f9638da7b6bf3230d47a8c" and quality "stable" for server
[21:33:00.972] Install and start server if needed
[21:33:00.977] askpass server listening on /tmp/vscode-ssh-askpass-3e2faae504daa3a3b44c3ace75cf5ffd78313a18.sock
[21:33:00.977] Spawning local server with {"serverId":2,"ipcHandlePath":"/tmp/vscode-ssh-askpass-0e09c28ea0c38dead7c3c9220a297ed6086cebf2.sock","sshCommand":"ssh","sshArgs":["-v","-T","-D","33369","-o","ConnectTimeout=15","hustt02"],"serverDataFolderName":".vscode-server","dataFilePath":"/home/xyw/Documents/Code/Csdiy/Database/DBCMU2022/bustub-20221128-2022fall/.vscode-root/User/globalStorage/ms-vscode-remote.remote-ssh/vscode-ssh-host-6988a32d-784b0177c56c607789f9638da7b6bf3230d47a8c-0.90.1/data.json"}
[21:33:00.977] Local server env: {"SHELL":"/bin/bash","DISPLAY":":0","ELECTRON_RUN_AS_NODE":"1","SSH_ASKPASS":"/root/.vscode/extensions/ms-vscode-remote.remote-ssh-0.90.1/out/local-server/askpass.sh","VSCODE_SSH_ASKPASS_NODE":"/usr/share/code/code","VSCODE_SSH_ASKPASS_EXTRA_ARGS":"--ms-enable-electron-run-as-node","VSCODE_SSH_ASKPASS_MAIN":"/root/.vscode/extensions/ms-vscode-remote.remote-ssh-0.90.1/out/askpass-main.js","VSCODE_SSH_ASKPASS_HANDLE":"/tmp/vscode-ssh-askpass-3e2faae504daa3a3b44c3ace75cf5ffd78313a18.sock"}
[21:33:00.990] Spawned 120245
[21:33:01.261] > local-server-2> Spawned ssh, pid=120254
[21:33:01.272] stderr> OpenSSH_8.2p1 Ubuntu-4ubuntu0.5, OpenSSL 1.1.1f  31 Mar 2020
[21:33:01.273] stderr> ssh: connect to host 222.20.95.156 port 39234: Network is unreachable
[21:33:01.275] > local-server-2> ssh child died, shutting down
[21:33:01.289] Local server exit: 0
[21:33:01.290] Received install output: local-server-2> Spawned ssh, pid=120254
OpenSSH_8.2p1 Ubuntu-4ubuntu0.5, OpenSSL 1.1.1f  31 Mar 2020
ssh: connect to host 222.20.95.156 port 39234: Network is unreachable
local-server-2> ssh child died, shutting down

[21:33:01.292] Resolver error: Error: Network is unreachable
	at g.Offline (/root/.vscode/extensions/ms-vscode-remote.remote-ssh-0.90.1/out/extension.js:1:585273)
	at /root/.vscode/extensions/ms-vscode-remote.remote-ssh-0.90.1/out/extension.js:1:582625
	at t.handleInstallOutput (/root/.vscode/extensions/ms-vscode-remote.remote-ssh-0.90.1/out/extension.js:1:583062)
	at Object.e [as tryInstallWithLocalServer] (/root/.vscode/extensions/ms-vscode-remote.remote-ssh-0.90.1/out/extension.js:1:624373)
	at process.processTicksAndRejections (node:internal/process/task_queues:96:5)
	at async /root/.vscode/extensions/ms-vscode-remote.remote-ssh-0.90.1/out/extension.js:1:643506
	at async t.withShowDetailsEvent (/root/.vscode/extensions/ms-vscode-remote.remote-ssh-0.90.1/out/extension.js:1:647224)
	at async /root/.vscode/extensions/ms-vscode-remote.remote-ssh-0.90.1/out/extension.js:1:622845
	at async T (/root/.vscode/extensions/ms-vscode-remote.remote-ssh-0.90.1/out/extension.js:1:619351)
	at async t.resolveWithLocalServer (/root/.vscode/extensions/ms-vscode-remote.remote-ssh-0.90.1/out/extension.js:1:622460)
	at async t.resolve (/root/.vscode/extensions/ms-vscode-remote.remote-ssh-0.90.1/out/extension.js:1:644834)
	at async /root/.vscode/extensions/ms-vscode-remote.remote-ssh-0.90.1/out/extension.js:1:726917
[21:33:01.298] ------




[21:33:01.326] ------




[21:33:01.326] SSH Resolver called for "ssh-remote+hustt02", attempt 3, (Reconnection)
[21:33:01.328] SSH Resolver called for host: hustt02
[21:33:01.328] Setting up SSH remote "hustt02"
[21:33:01.330] Acquiring local install lock: /tmp/vscode-remote-ssh-6988a32d-install.lock
[21:33:01.331] Looking for existing server data file at /home/xyw/Documents/Code/Csdiy/Database/DBCMU2022/bustub-20221128-2022fall/.vscode-root/User/globalStorage/ms-vscode-remote.remote-ssh/vscode-ssh-host-6988a32d-784b0177c56c607789f9638da7b6bf3230d47a8c-0.90.1/data.json
[21:33:01.334] Using commit id "784b0177c56c607789f9638da7b6bf3230d47a8c" and quality "stable" for server
[21:33:01.338] Install and start server if needed
[21:33:01.349] askpass server listening on /tmp/vscode-ssh-askpass-c22fc1f494c90b328a07c677d01d284dc39a72da.sock
[21:33:01.350] Spawning local server with {"serverId":3,"ipcHandlePath":"/tmp/vscode-ssh-askpass-fabf5e7c994d054c77b66403b4b6b07a65d34705.sock","sshCommand":"ssh","sshArgs":["-v","-T","-D","44225","-o","ConnectTimeout=15","hustt02"],"serverDataFolderName":".vscode-server","dataFilePath":"/home/xyw/Documents/Code/Csdiy/Database/DBCMU2022/bustub-20221128-2022fall/.vscode-root/User/globalStorage/ms-vscode-remote.remote-ssh/vscode-ssh-host-6988a32d-784b0177c56c607789f9638da7b6bf3230d47a8c-0.90.1/data.json"}
[21:33:01.350] Local server env: {"SHELL":"/bin/bash","DISPLAY":":0","ELECTRON_RUN_AS_NODE":"1","SSH_ASKPASS":"/root/.vscode/extensions/ms-vscode-remote.remote-ssh-0.90.1/out/local-server/askpass.sh","VSCODE_SSH_ASKPASS_NODE":"/usr/share/code/code","VSCODE_SSH_ASKPASS_EXTRA_ARGS":"--ms-enable-electron-run-as-node","VSCODE_SSH_ASKPASS_MAIN":"/root/.vscode/extensions/ms-vscode-remote.remote-ssh-0.90.1/out/askpass-main.js","VSCODE_SSH_ASKPASS_HANDLE":"/tmp/vscode-ssh-askpass-c22fc1f494c90b328a07c677d01d284dc39a72da.sock"}
[21:33:01.359] Spawned 120255
[21:33:01.562] > local-server-3> Spawned ssh, pid=120263
[21:33:01.573] stderr> OpenSSH_8.2p1 Ubuntu-4ubuntu0.5, OpenSSL 1.1.1f  31 Mar 2020
[21:33:01.574] stderr> ssh: connect to host 222.20.95.156 port 39234: Network is unreachable
[21:33:01.576] > local-server-3> ssh child died, shutting down
[21:33:01.591] Local server exit: 0
[21:33:01.593] Received install output: local-server-3> Spawned ssh, pid=120263
OpenSSH_8.2p1 Ubuntu-4ubuntu0.5, OpenSSL 1.1.1f  31 Mar 2020
ssh: connect to host 222.20.95.156 port 39234: Network is unreachable
local-server-3> ssh child died, shutting down

[21:33:01.597] Resolver error: Error: Network is unreachable
	at g.Offline (/root/.vscode/extensions/ms-vscode-remote.remote-ssh-0.90.1/out/extension.js:1:585273)
	at /root/.vscode/extensions/ms-vscode-remote.remote-ssh-0.90.1/out/extension.js:1:582625
	at t.handleInstallOutput (/root/.vscode/extensions/ms-vscode-remote.remote-ssh-0.90.1/out/extension.js:1:583062)
	at Object.e [as tryInstallWithLocalServer] (/root/.vscode/extensions/ms-vscode-remote.remote-ssh-0.90.1/out/extension.js:1:624373)
	at process.processTicksAndRejections (node:internal/process/task_queues:96:5)
	at async /root/.vscode/extensions/ms-vscode-remote.remote-ssh-0.90.1/out/extension.js:1:643506
	at async t.withShowDetailsEvent (/root/.vscode/extensions/ms-vscode-remote.remote-ssh-0.90.1/out/extension.js:1:647224)
	at async /root/.vscode/extensions/ms-vscode-remote.remote-ssh-0.90.1/out/extension.js:1:622845
	at async T (/root/.vscode/extensions/ms-vscode-remote.remote-ssh-0.90.1/out/extension.js:1:619351)
	at async t.resolveWithLocalServer (/root/.vscode/extensions/ms-vscode-remote.remote-ssh-0.90.1/out/extension.js:1:622460)
	at async t.resolve (/root/.vscode/extensions/ms-vscode-remote.remote-ssh-0.90.1/out/extension.js:1:644834)
	at async /root/.vscode/extensions/ms-vscode-remote.remote-ssh-0.90.1/out/extension.js:1:726917
[21:33:01.606] ------




[21:33:01.618] ------




[21:33:01.619] SSH Resolver called for "ssh-remote+hustt02", attempt 4, (Reconnection)
[21:33:01.623] SSH Resolver called for host: hustt02
[21:33:01.624] Setting up SSH remote "hustt02"
[21:33:01.625] Acquiring local install lock: /tmp/vscode-remote-ssh-6988a32d-install.lock
[21:33:01.626] Looking for existing server data file at /home/xyw/Documents/Code/Csdiy/Database/DBCMU2022/bustub-20221128-2022fall/.vscode-root/User/globalStorage/ms-vscode-remote.remote-ssh/vscode-ssh-host-6988a32d-784b0177c56c607789f9638da7b6bf3230d47a8c-0.90.1/data.json
[21:33:01.626] Using commit id "784b0177c56c607789f9638da7b6bf3230d47a8c" and quality "stable" for server
[21:33:01.632] Install and start server if needed
[21:33:01.645] askpass server listening on /tmp/vscode-ssh-askpass-e03f068ef86e5863bf733d9c313e3e60ff9412bb.sock
[21:33:01.646] Spawning local server with {"serverId":4,"ipcHandlePath":"/tmp/vscode-ssh-askpass-ec5a11936fcaecead756cae84e78b0e819ad2464.sock","sshCommand":"ssh","sshArgs":["-v","-T","-D","33597","-o","ConnectTimeout=15","hustt02"],"serverDataFolderName":".vscode-server","dataFilePath":"/home/xyw/Documents/Code/Csdiy/Database/DBCMU2022/bustub-20221128-2022fall/.vscode-root/User/globalStorage/ms-vscode-remote.remote-ssh/vscode-ssh-host-6988a32d-784b0177c56c607789f9638da7b6bf3230d47a8c-0.90.1/data.json"}
[21:33:01.646] Local server env: {"SHELL":"/bin/bash","DISPLAY":":0","ELECTRON_RUN_AS_NODE":"1","SSH_ASKPASS":"/root/.vscode/extensions/ms-vscode-remote.remote-ssh-0.90.1/out/local-server/askpass.sh","VSCODE_SSH_ASKPASS_NODE":"/usr/share/code/code","VSCODE_SSH_ASKPASS_EXTRA_ARGS":"--ms-enable-electron-run-as-node","VSCODE_SSH_ASKPASS_MAIN":"/root/.vscode/extensions/ms-vscode-remote.remote-ssh-0.90.1/out/askpass-main.js","VSCODE_SSH_ASKPASS_HANDLE":"/tmp/vscode-ssh-askpass-e03f068ef86e5863bf733d9c313e3e60ff9412bb.sock"}
[21:33:01.660] Spawned 120264
[21:33:01.869] > local-server-4> Spawned ssh, pid=120272
[21:33:01.876] stderr> OpenSSH_8.2p1 Ubuntu-4ubuntu0.5, OpenSSL 1.1.1f  31 Mar 2020
[21:33:01.877] stderr> ssh: connect to host 222.20.95.156 port 39234: Network is unreachable
[21:33:01.878] > local-server-4> ssh child died, shutting down
[21:33:01.890] Local server exit: 0
[21:33:01.891] Received install output: local-server-4> Spawned ssh, pid=120272
OpenSSH_8.2p1 Ubuntu-4ubuntu0.5, OpenSSL 1.1.1f  31 Mar 2020
ssh: connect to host 222.20.95.156 port 39234: Network is unreachable
local-server-4> ssh child died, shutting down

[21:33:01.892] Resolver error: Error: Network is unreachable
	at g.Offline (/root/.vscode/extensions/ms-vscode-remote.remote-ssh-0.90.1/out/extension.js:1:585273)
	at /root/.vscode/extensions/ms-vscode-remote.remote-ssh-0.90.1/out/extension.js:1:582625
	at t.handleInstallOutput (/root/.vscode/extensions/ms-vscode-remote.remote-ssh-0.90.1/out/extension.js:1:583062)
	at Object.e [as tryInstallWithLocalServer] (/root/.vscode/extensions/ms-vscode-remote.remote-ssh-0.90.1/out/extension.js:1:624373)
	at process.processTicksAndRejections (node:internal/process/task_queues:96:5)
	at async /root/.vscode/extensions/ms-vscode-remote.remote-ssh-0.90.1/out/extension.js:1:643506
	at async t.withShowDetailsEvent (/root/.vscode/extensions/ms-vscode-remote.remote-ssh-0.90.1/out/extension.js:1:647224)
	at async /root/.vscode/extensions/ms-vscode-remote.remote-ssh-0.90.1/out/extension.js:1:622845
	at async T (/root/.vscode/extensions/ms-vscode-remote.remote-ssh-0.90.1/out/extension.js:1:619351)
	at async t.resolveWithLocalServer (/root/.vscode/extensions/ms-vscode-remote.remote-ssh-0.90.1/out/extension.js:1:622460)
	at async t.resolve (/root/.vscode/extensions/ms-vscode-remote.remote-ssh-0.90.1/out/extension.js:1:644834)
	at async /root/.vscode/extensions/ms-vscode-remote.remote-ssh-0.90.1/out/extension.js:1:726917
[21:33:01.895] ------




[21:33:01.908] ------




[21:33:01.908] SSH Resolver called for "ssh-remote+hustt02", attempt 5, (Reconnection)
[21:33:01.910] SSH Resolver called for host: hustt02
[21:33:01.910] Setting up SSH remote "hustt02"
[21:33:01.912] Acquiring local install lock: /tmp/vscode-remote-ssh-6988a32d-install.lock
[21:33:01.914] Looking for existing server data file at /home/xyw/Documents/Code/Csdiy/Database/DBCMU2022/bustub-20221128-2022fall/.vscode-root/User/globalStorage/ms-vscode-remote.remote-ssh/vscode-ssh-host-6988a32d-784b0177c56c607789f9638da7b6bf3230d47a8c-0.90.1/data.json
[21:33:01.914] Using commit id "784b0177c56c607789f9638da7b6bf3230d47a8c" and quality "stable" for server
[21:33:01.917] Install and start server if needed
[21:33:01.925] askpass server listening on /tmp/vscode-ssh-askpass-312c75d8839a8a56c2b42fb508464ae06fcda07c.sock
[21:33:01.926] Spawning local server with {"serverId":5,"ipcHandlePath":"/tmp/vscode-ssh-askpass-23bfd4edda50187b7d30d403c6d54a91b721704b.sock","sshCommand":"ssh","sshArgs":["-v","-T","-D","36403","-o","ConnectTimeout=15","hustt02"],"serverDataFolderName":".vscode-server","dataFilePath":"/home/xyw/Documents/Code/Csdiy/Database/DBCMU2022/bustub-20221128-2022fall/.vscode-root/User/globalStorage/ms-vscode-remote.remote-ssh/vscode-ssh-host-6988a32d-784b0177c56c607789f9638da7b6bf3230d47a8c-0.90.1/data.json"}
[21:33:01.926] Local server env: {"SHELL":"/bin/bash","DISPLAY":":0","ELECTRON_RUN_AS_NODE":"1","SSH_ASKPASS":"/root/.vscode/extensions/ms-vscode-remote.remote-ssh-0.90.1/out/local-server/askpass.sh","VSCODE_SSH_ASKPASS_NODE":"/usr/share/code/code","VSCODE_SSH_ASKPASS_EXTRA_ARGS":"--ms-enable-electron-run-as-node","VSCODE_SSH_ASKPASS_MAIN":"/root/.vscode/extensions/ms-vscode-remote.remote-ssh-0.90.1/out/askpass-main.js","VSCODE_SSH_ASKPASS_HANDLE":"/tmp/vscode-ssh-askpass-312c75d8839a8a56c2b42fb508464ae06fcda07c.sock"}
[21:33:01.935] Spawned 120273
[21:33:02.101] > local-server-5> Spawned ssh, pid=120281
[21:33:02.109] stderr> OpenSSH_8.2p1 Ubuntu-4ubuntu0.5, OpenSSL 1.1.1f  31 Mar 2020
[21:33:02.109] stderr> ssh: connect to host 222.20.95.156 port 39234: Network is unreachable
[21:33:02.110] > local-server-5> ssh child died, shutting down
[21:33:02.117] Local server exit: 0
[21:33:02.117] Received install output: local-server-5> Spawned ssh, pid=120281
OpenSSH_8.2p1 Ubuntu-4ubuntu0.5, OpenSSL 1.1.1f  31 Mar 2020
ssh: connect to host 222.20.95.156 port 39234: Network is unreachable
local-server-5> ssh child died, shutting down

[21:33:02.119] Resolver error: Error: Network is unreachable
	at g.Offline (/root/.vscode/extensions/ms-vscode-remote.remote-ssh-0.90.1/out/extension.js:1:585273)
	at /root/.vscode/extensions/ms-vscode-remote.remote-ssh-0.90.1/out/extension.js:1:582625
	at t.handleInstallOutput (/root/.vscode/extensions/ms-vscode-remote.remote-ssh-0.90.1/out/extension.js:1:583062)
	at Object.e [as tryInstallWithLocalServer] (/root/.vscode/extensions/ms-vscode-remote.remote-ssh-0.90.1/out/extension.js:1:624373)
	at process.processTicksAndRejections (node:internal/process/task_queues:96:5)
	at async /root/.vscode/extensions/ms-vscode-remote.remote-ssh-0.90.1/out/extension.js:1:643506
	at async t.withShowDetailsEvent (/root/.vscode/extensions/ms-vscode-remote.remote-ssh-0.90.1/out/extension.js:1:647224)
	at async /root/.vscode/extensions/ms-vscode-remote.remote-ssh-0.90.1/out/extension.js:1:622845
	at async T (/root/.vscode/extensions/ms-vscode-remote.remote-ssh-0.90.1/out/extension.js:1:619351)
	at async t.resolveWithLocalServer (/root/.vscode/extensions/ms-vscode-remote.remote-ssh-0.90.1/out/extension.js:1:622460)
	at async t.resolve (/root/.vscode/extensions/ms-vscode-remote.remote-ssh-0.90.1/out/extension.js:1:644834)
	at async /root/.vscode/extensions/ms-vscode-remote.remote-ssh-0.90.1/out/extension.js:1:726917
[21:33:02.123] ------




