[12:59:26.418] Log Level: 2
[12:59:26.420] remote-ssh@0.90.1
[12:59:26.421] linux x64
[12:59:26.445] SSH Resolver called for "ssh-remote+hust02", attempt 1
[12:59:26.446] "remote.SSH.useLocalServer": true
[12:59:26.446] "remote.SSH.path": undefined
[12:59:26.447] "remote.SSH.configFile": undefined
[12:59:26.447] "remote.SSH.useFlock": true
[12:59:26.447] "remote.SSH.lockfilesInTmp": false
[12:59:26.447] "remote.SSH.localServerDownload": auto
[12:59:26.447] "remote.SSH.remoteServerListenOnSocket": false
[12:59:26.448] "remote.SSH.showLoginTerminal": false
[12:59:26.448] "remote.SSH.defaultExtensions": []
[12:59:26.449] "remote.SSH.loglevel": 2
[12:59:26.450] "remote.SSH.enableDynamicForwarding": true
[12:59:26.450] "remote.SSH.enableRemoteCommand": false
[12:59:26.450] "remote.SSH.serverPickPortsFromRange": {}
[12:59:26.450] "remote.SSH.serverInstallPath": {}
[12:59:26.482] SSH Resolver called for host: hust02
[12:59:26.482] Setting up SSH remote "hust02"
[12:59:26.488] Acquiring local install lock: /tmp/vscode-remote-ssh-d8136d83-install.lock
[12:59:26.494] Looking for existing server data file at /home/xyw/Documents/Code/Csdiy/Database/DBCMU2022/bustub-20221128-2022fall/.vscode-root/User/globalStorage/ms-vscode-remote.remote-ssh/vscode-ssh-host-d8136d83-784b0177c56c607789f9638da7b6bf3230d47a8c-0.90.1/data.json
[12:59:26.495] Using commit id "784b0177c56c607789f9638da7b6bf3230d47a8c" and quality "stable" for server
[12:59:26.501] Install and start server if needed
[12:59:26.511] PATH: /usr/local/sbin:/usr/local/bin:/usr/sbin:/usr/bin:/sbin:/bin:/snap/bin
[12:59:26.511] Checking ssh with "ssh -V"
[12:59:26.530] > OpenSSH_8.2p1 Ubuntu-4ubuntu0.5, OpenSSL 1.1.1f  31 Mar 2020

[12:59:26.537] askpass server listening on /tmp/vscode-ssh-askpass-601399171cf5b3e14fb8db31814d70822b26e707.sock
[12:59:26.537] Spawning local server with {"serverId":1,"ipcHandlePath":"/tmp/vscode-ssh-askpass-5b388a7c83cb8583054dbd8b5e66ea3bb389d191.sock","sshCommand":"ssh","sshArgs":["-v","-T","-D","45741","-o","ConnectTimeout=15","hust02"],"serverDataFolderName":".vscode-server","dataFilePath":"/home/xyw/Documents/Code/Csdiy/Database/DBCMU2022/bustub-20221128-2022fall/.vscode-root/User/globalStorage/ms-vscode-remote.remote-ssh/vscode-ssh-host-d8136d83-784b0177c56c607789f9638da7b6bf3230d47a8c-0.90.1/data.json"}
[12:59:26.537] Local server env: {"SHELL":"/bin/bash","DISPLAY":":0","ELECTRON_RUN_AS_NODE":"1","SSH_ASKPASS":"/root/.vscode/extensions/ms-vscode-remote.remote-ssh-0.90.1/out/local-server/askpass.sh","VSCODE_SSH_ASKPASS_NODE":"/usr/share/code/code","VSCODE_SSH_ASKPASS_EXTRA_ARGS":"--ms-enable-electron-run-as-node","VSCODE_SSH_ASKPASS_MAIN":"/root/.vscode/extensions/ms-vscode-remote.remote-ssh-0.90.1/out/askpass-main.js","VSCODE_SSH_ASKPASS_HANDLE":"/tmp/vscode-ssh-askpass-601399171cf5b3e14fb8db31814d70822b26e707.sock"}
[12:59:26.545] Spawned 126465
[12:59:26.853] > local-server-1> Spawned ssh, pid=126485
[12:59:26.869] stderr> OpenSSH_8.2p1 Ubuntu-4ubuntu0.5, OpenSSL 1.1.1f  31 Mar 2020
[12:59:26.872] stderr> ssh: Could not resolve hostname xz-ct1.cloudiplc.com: Temporary failure in name resolution
[12:59:26.877] > local-server-1> ssh child died, shutting down
[12:59:26.883] Local server exit: 0
[12:59:26.885] Received install output: local-server-1> Spawned ssh, pid=126485
OpenSSH_8.2p1 Ubuntu-4ubuntu0.5, OpenSSL 1.1.1f  31 Mar 2020
ssh: Could not resolve hostname xz-ct1.cloudiplc.com: Temporary failure in name resolution
local-server-1> ssh child died, shutting down

[12:59:26.893] Resolver error: Error: Could not resolve hostname
	at g.Offline (/root/.vscode/extensions/ms-vscode-remote.remote-ssh-0.90.1/out/extension.js:1:585273)
	at /root/.vscode/extensions/ms-vscode-remote.remote-ssh-0.90.1/out/extension.js:1:582694
	at t.handleInstallOutput (/root/.vscode/extensions/ms-vscode-remote.remote-ssh-0.90.1/out/extension.js:1:583062)
	at Object.e [as tryInstallWithLocalServer] (/root/.vscode/extensions/ms-vscode-remote.remote-ssh-0.90.1/out/extension.js:1:624373)
	at process.processTicksAndRejections (node:internal/process/task_queues:96:5)
	at async /root/.vscode/extensions/ms-vscode-remote.remote-ssh-0.90.1/out/extension.js:1:643506
	at async t.withShowDetailsEvent (/root/.vscode/extensions/ms-vscode-remote.remote-ssh-0.90.1/out/extension.js:1:647224)
	at async /root/.vscode/extensions/ms-vscode-remote.remote-ssh-0.90.1/out/extension.js:1:622845
	at async T (/root/.vscode/extensions/ms-vscode-remote.remote-ssh-0.90.1/out/extension.js:1:619351)
	at async t.resolveWithLocalServer (/root/.vscode/extensions/ms-vscode-remote.remote-ssh-0.90.1/out/extension.js:1:622460)
	at async t.resolve (/root/.vscode/extensions/ms-vscode-remote.remote-ssh-0.90.1/out/extension.js:1:644834)
	at async /root/.vscode/extensions/ms-vscode-remote.remote-ssh-0.90.1/out/extension.js:1:726917
[12:59:26.917] ------




[12:59:27.054] ------




[12:59:27.055] SSH Resolver called for "ssh-remote+hust02", attempt 2, (Reconnection)
[12:59:27.062] SSH Resolver called for host: hust02
[12:59:27.062] Setting up SSH remote "hust02"
[12:59:27.067] Acquiring local install lock: /tmp/vscode-remote-ssh-d8136d83-install.lock
[12:59:27.071] Looking for existing server data file at /home/xyw/Documents/Code/Csdiy/Database/DBCMU2022/bustub-20221128-2022fall/.vscode-root/User/globalStorage/ms-vscode-remote.remote-ssh/vscode-ssh-host-d8136d83-784b0177c56c607789f9638da7b6bf3230d47a8c-0.90.1/data.json
[12:59:27.072] Using commit id "784b0177c56c607789f9638da7b6bf3230d47a8c" and quality "stable" for server
[12:59:27.077] Install and start server if needed
[12:59:27.085] askpass server listening on /tmp/vscode-ssh-askpass-2bd36d59b6266f7a82884b905a7e12e04e6a9f00.sock
[12:59:27.086] Spawning local server with {"serverId":2,"ipcHandlePath":"/tmp/vscode-ssh-askpass-77bc8c00eeec353406b099c45eedfedd73b922ad.sock","sshCommand":"ssh","sshArgs":["-v","-T","-D","37123","-o","ConnectTimeout=15","hust02"],"serverDataFolderName":".vscode-server","dataFilePath":"/home/xyw/Documents/Code/Csdiy/Database/DBCMU2022/bustub-20221128-2022fall/.vscode-root/User/globalStorage/ms-vscode-remote.remote-ssh/vscode-ssh-host-d8136d83-784b0177c56c607789f9638da7b6bf3230d47a8c-0.90.1/data.json"}
[12:59:27.086] Local server env: {"SHELL":"/bin/bash","DISPLAY":":0","ELECTRON_RUN_AS_NODE":"1","SSH_ASKPASS":"/root/.vscode/extensions/ms-vscode-remote.remote-ssh-0.90.1/out/local-server/askpass.sh","VSCODE_SSH_ASKPASS_NODE":"/usr/share/code/code","VSCODE_SSH_ASKPASS_EXTRA_ARGS":"--ms-enable-electron-run-as-node","VSCODE_SSH_ASKPASS_MAIN":"/root/.vscode/extensions/ms-vscode-remote.remote-ssh-0.90.1/out/askpass-main.js","VSCODE_SSH_ASKPASS_HANDLE":"/tmp/vscode-ssh-askpass-2bd36d59b6266f7a82884b905a7e12e04e6a9f00.sock"}
[12:59:27.102] Spawned 126491
[12:59:27.465] > local-server-2> Spawned ssh, pid=126499
[12:59:27.490] stderr> OpenSSH_8.2p1 Ubuntu-4ubuntu0.5, OpenSSL 1.1.1f  31 Mar 2020
[12:59:27.492] stderr> ssh: Could not resolve hostname xz-ct1.cloudiplc.com: Temporary failure in name resolution
[12:59:27.495] > local-server-2> ssh child died, shutting down
[12:59:27.511] Local server exit: 0
[12:59:27.512] Received install output: local-server-2> Spawned ssh, pid=126499
OpenSSH_8.2p1 Ubuntu-4ubuntu0.5, OpenSSL 1.1.1f  31 Mar 2020
ssh: Could not resolve hostname xz-ct1.cloudiplc.com: Temporary failure in name resolution
local-server-2> ssh child died, shutting down

[12:59:27.514] Resolver error: Error: Could not resolve hostname
	at g.Offline (/root/.vscode/extensions/ms-vscode-remote.remote-ssh-0.90.1/out/extension.js:1:585273)
	at /root/.vscode/extensions/ms-vscode-remote.remote-ssh-0.90.1/out/extension.js:1:582694
	at t.handleInstallOutput (/root/.vscode/extensions/ms-vscode-remote.remote-ssh-0.90.1/out/extension.js:1:583062)
	at Object.e [as tryInstallWithLocalServer] (/root/.vscode/extensions/ms-vscode-remote.remote-ssh-0.90.1/out/extension.js:1:624373)
	at process.processTicksAndRejections (node:internal/process/task_queues:96:5)
	at async /root/.vscode/extensions/ms-vscode-remote.remote-ssh-0.90.1/out/extension.js:1:643506
	at async t.withShowDetailsEvent (/root/.vscode/extensions/ms-vscode-remote.remote-ssh-0.90.1/out/extension.js:1:647224)
	at async /root/.vscode/extensions/ms-vscode-remote.remote-ssh-0.90.1/out/extension.js:1:622845
	at async T (/root/.vscode/extensions/ms-vscode-remote.remote-ssh-0.90.1/out/extension.js:1:619351)
	at async t.resolveWithLocalServer (/root/.vscode/extensions/ms-vscode-remote.remote-ssh-0.90.1/out/extension.js:1:622460)
	at async t.resolve (/root/.vscode/extensions/ms-vscode-remote.remote-ssh-0.90.1/out/extension.js:1:644834)
	at async /root/.vscode/extensions/ms-vscode-remote.remote-ssh-0.90.1/out/extension.js:1:726917
[12:59:27.519] ------




[12:59:27.846] ------




[12:59:27.846] SSH Resolver called for "ssh-remote+hust02", attempt 3, (Reconnection)
[12:59:27.849] SSH Resolver called for host: hust02
[12:59:27.849] Setting up SSH remote "hust02"
[12:59:27.853] Acquiring local install lock: /tmp/vscode-remote-ssh-d8136d83-install.lock
[12:59:27.854] Looking for existing server data file at /home/xyw/Documents/Code/Csdiy/Database/DBCMU2022/bustub-20221128-2022fall/.vscode-root/User/globalStorage/ms-vscode-remote.remote-ssh/vscode-ssh-host-d8136d83-784b0177c56c607789f9638da7b6bf3230d47a8c-0.90.1/data.json
[12:59:27.855] Using commit id "784b0177c56c607789f9638da7b6bf3230d47a8c" and quality "stable" for server
[12:59:27.865] Install and start server if needed
[12:59:27.888] askpass server listening on /tmp/vscode-ssh-askpass-aa2be19543e47fed43f82f2f860ee26f0a92c416.sock
[12:59:27.888] Spawning local server with {"serverId":3,"ipcHandlePath":"/tmp/vscode-ssh-askpass-e354a3c294c6be931e8f0f13961fc05503bf775d.sock","sshCommand":"ssh","sshArgs":["-v","-T","-D","44115","-o","ConnectTimeout=15","hust02"],"serverDataFolderName":".vscode-server","dataFilePath":"/home/xyw/Documents/Code/Csdiy/Database/DBCMU2022/bustub-20221128-2022fall/.vscode-root/User/globalStorage/ms-vscode-remote.remote-ssh/vscode-ssh-host-d8136d83-784b0177c56c607789f9638da7b6bf3230d47a8c-0.90.1/data.json"}
[12:59:27.888] Local server env: {"SHELL":"/bin/bash","DISPLAY":":0","ELECTRON_RUN_AS_NODE":"1","SSH_ASKPASS":"/root/.vscode/extensions/ms-vscode-remote.remote-ssh-0.90.1/out/local-server/askpass.sh","VSCODE_SSH_ASKPASS_NODE":"/usr/share/code/code","VSCODE_SSH_ASKPASS_EXTRA_ARGS":"--ms-enable-electron-run-as-node","VSCODE_SSH_ASKPASS_MAIN":"/root/.vscode/extensions/ms-vscode-remote.remote-ssh-0.90.1/out/askpass-main.js","VSCODE_SSH_ASKPASS_HANDLE":"/tmp/vscode-ssh-askpass-aa2be19543e47fed43f82f2f860ee26f0a92c416.sock"}
[12:59:27.902] Spawned 126500
[12:59:28.241] > local-server-3> Spawned ssh, pid=126510
[12:59:28.253] stderr> OpenSSH_8.2p1 Ubuntu-4ubuntu0.5, OpenSSL 1.1.1f  31 Mar 2020
[12:59:28.254] stderr> ssh: Could not resolve hostname xz-ct1.cloudiplc.com: Temporary failure in name resolution
[12:59:28.259] > local-server-3> ssh child died, shutting down
[12:59:28.270] Local server exit: 0
[12:59:28.271] Received install output: local-server-3> Spawned ssh, pid=126510
OpenSSH_8.2p1 Ubuntu-4ubuntu0.5, OpenSSL 1.1.1f  31 Mar 2020
ssh: Could not resolve hostname xz-ct1.cloudiplc.com: Temporary failure in name resolution
local-server-3> ssh child died, shutting down

[12:59:28.272] Resolver error: Error: Could not resolve hostname
	at g.Offline (/root/.vscode/extensions/ms-vscode-remote.remote-ssh-0.90.1/out/extension.js:1:585273)
	at /root/.vscode/extensions/ms-vscode-remote.remote-ssh-0.90.1/out/extension.js:1:582694
	at t.handleInstallOutput (/root/.vscode/extensions/ms-vscode-remote.remote-ssh-0.90.1/out/extension.js:1:583062)
	at Object.e [as tryInstallWithLocalServer] (/root/.vscode/extensions/ms-vscode-remote.remote-ssh-0.90.1/out/extension.js:1:624373)
	at process.processTicksAndRejections (node:internal/process/task_queues:96:5)
	at async /root/.vscode/extensions/ms-vscode-remote.remote-ssh-0.90.1/out/extension.js:1:643506
	at async t.withShowDetailsEvent (/root/.vscode/extensions/ms-vscode-remote.remote-ssh-0.90.1/out/extension.js:1:647224)
	at async /root/.vscode/extensions/ms-vscode-remote.remote-ssh-0.90.1/out/extension.js:1:622845
	at async T (/root/.vscode/extensions/ms-vscode-remote.remote-ssh-0.90.1/out/extension.js:1:619351)
	at async t.resolveWithLocalServer (/root/.vscode/extensions/ms-vscode-remote.remote-ssh-0.90.1/out/extension.js:1:622460)
	at async t.resolve (/root/.vscode/extensions/ms-vscode-remote.remote-ssh-0.90.1/out/extension.js:1:644834)
	at async /root/.vscode/extensions/ms-vscode-remote.remote-ssh-0.90.1/out/extension.js:1:726917
[12:59:28.276] ------




[12:59:28.330] ------




[12:59:28.330] SSH Resolver called for "ssh-remote+hust02", attempt 4, (Reconnection)
[12:59:28.337] SSH Resolver called for host: hust02
[12:59:28.337] Setting up SSH remote "hust02"
[12:59:28.339] Acquiring local install lock: /tmp/vscode-remote-ssh-d8136d83-install.lock
[12:59:28.340] Looking for existing server data file at /home/xyw/Documents/Code/Csdiy/Database/DBCMU2022/bustub-20221128-2022fall/.vscode-root/User/globalStorage/ms-vscode-remote.remote-ssh/vscode-ssh-host-d8136d83-784b0177c56c607789f9638da7b6bf3230d47a8c-0.90.1/data.json
[12:59:28.341] Using commit id "784b0177c56c607789f9638da7b6bf3230d47a8c" and quality "stable" for server
[12:59:28.345] Install and start server if needed
[12:59:28.353] askpass server listening on /tmp/vscode-ssh-askpass-64dc5e2151f1a87b0e41ef13367c2c2419b1c84d.sock
[12:59:28.354] Spawning local server with {"serverId":4,"ipcHandlePath":"/tmp/vscode-ssh-askpass-ae40769146952a92d22395c9b32e204bc512c416.sock","sshCommand":"ssh","sshArgs":["-v","-T","-D","36017","-o","ConnectTimeout=15","hust02"],"serverDataFolderName":".vscode-server","dataFilePath":"/home/xyw/Documents/Code/Csdiy/Database/DBCMU2022/bustub-20221128-2022fall/.vscode-root/User/globalStorage/ms-vscode-remote.remote-ssh/vscode-ssh-host-d8136d83-784b0177c56c607789f9638da7b6bf3230d47a8c-0.90.1/data.json"}
[12:59:28.354] Local server env: {"SHELL":"/bin/bash","DISPLAY":":0","ELECTRON_RUN_AS_NODE":"1","SSH_ASKPASS":"/root/.vscode/extensions/ms-vscode-remote.remote-ssh-0.90.1/out/local-server/askpass.sh","VSCODE_SSH_ASKPASS_NODE":"/usr/share/code/code","VSCODE_SSH_ASKPASS_EXTRA_ARGS":"--ms-enable-electron-run-as-node","VSCODE_SSH_ASKPASS_MAIN":"/root/.vscode/extensions/ms-vscode-remote.remote-ssh-0.90.1/out/askpass-main.js","VSCODE_SSH_ASKPASS_HANDLE":"/tmp/vscode-ssh-askpass-64dc5e2151f1a87b0e41ef13367c2c2419b1c84d.sock"}
[12:59:28.366] Spawned 126511
[12:59:28.619] > local-server-4> Spawned ssh, pid=126519
[12:59:28.630] stderr> OpenSSH_8.2p1 Ubuntu-4ubuntu0.5, OpenSSL 1.1.1f  31 Mar 2020
[12:59:28.630] stderr> ssh: Could not resolve hostname xz-ct1.cloudiplc.com: Temporary failure in name resolution
[12:59:28.633] > local-server-4> ssh child died, shutting down
[12:59:28.645] Local server exit: 0
[12:59:28.646] Received install output: local-server-4> Spawned ssh, pid=126519
OpenSSH_8.2p1 Ubuntu-4ubuntu0.5, OpenSSL 1.1.1f  31 Mar 2020
ssh: Could not resolve hostname xz-ct1.cloudiplc.com: Temporary failure in name resolution
local-server-4> ssh child died, shutting down

[12:59:28.651] Resolver error: Error: Could not resolve hostname
	at g.Offline (/root/.vscode/extensions/ms-vscode-remote.remote-ssh-0.90.1/out/extension.js:1:585273)
	at /root/.vscode/extensions/ms-vscode-remote.remote-ssh-0.90.1/out/extension.js:1:582694
	at t.handleInstallOutput (/root/.vscode/extensions/ms-vscode-remote.remote-ssh-0.90.1/out/extension.js:1:583062)
	at Object.e [as tryInstallWithLocalServer] (/root/.vscode/extensions/ms-vscode-remote.remote-ssh-0.90.1/out/extension.js:1:624373)
	at process.processTicksAndRejections (node:internal/process/task_queues:96:5)
	at async /root/.vscode/extensions/ms-vscode-remote.remote-ssh-0.90.1/out/extension.js:1:643506
	at async t.withShowDetailsEvent (/root/.vscode/extensions/ms-vscode-remote.remote-ssh-0.90.1/out/extension.js:1:647224)
	at async /root/.vscode/extensions/ms-vscode-remote.remote-ssh-0.90.1/out/extension.js:1:622845
	at async T (/root/.vscode/extensions/ms-vscode-remote.remote-ssh-0.90.1/out/extension.js:1:619351)
	at async t.resolveWithLocalServer (/root/.vscode/extensions/ms-vscode-remote.remote-ssh-0.90.1/out/extension.js:1:622460)
	at async t.resolve (/root/.vscode/extensions/ms-vscode-remote.remote-ssh-0.90.1/out/extension.js:1:644834)
	at async /root/.vscode/extensions/ms-vscode-remote.remote-ssh-0.90.1/out/extension.js:1:726917
[12:59:28.657] ------




[12:59:28.673] ------




[12:59:28.673] SSH Resolver called for "ssh-remote+hust02", attempt 5, (Reconnection)
[12:59:28.677] SSH Resolver called for host: hust02
[12:59:28.677] Setting up SSH remote "hust02"
[12:59:28.679] Acquiring local install lock: /tmp/vscode-remote-ssh-d8136d83-install.lock
[12:59:28.681] Looking for existing server data file at /home/xyw/Documents/Code/Csdiy/Database/DBCMU2022/bustub-20221128-2022fall/.vscode-root/User/globalStorage/ms-vscode-remote.remote-ssh/vscode-ssh-host-d8136d83-784b0177c56c607789f9638da7b6bf3230d47a8c-0.90.1/data.json
[12:59:28.682] Using commit id "784b0177c56c607789f9638da7b6bf3230d47a8c" and quality "stable" for server
[12:59:28.687] Install and start server if needed
[12:59:28.704] askpass server listening on /tmp/vscode-ssh-askpass-4f7941d709cd0a0a3ad37ef54b904e3738804b4f.sock
[12:59:28.705] Spawning local server with {"serverId":5,"ipcHandlePath":"/tmp/vscode-ssh-askpass-b73f2751f4988897a25df9f49645a5a8adb24367.sock","sshCommand":"ssh","sshArgs":["-v","-T","-D","37403","-o","ConnectTimeout=15","hust02"],"serverDataFolderName":".vscode-server","dataFilePath":"/home/xyw/Documents/Code/Csdiy/Database/DBCMU2022/bustub-20221128-2022fall/.vscode-root/User/globalStorage/ms-vscode-remote.remote-ssh/vscode-ssh-host-d8136d83-784b0177c56c607789f9638da7b6bf3230d47a8c-0.90.1/data.json"}
[12:59:28.705] Local server env: {"SHELL":"/bin/bash","DISPLAY":":0","ELECTRON_RUN_AS_NODE":"1","SSH_ASKPASS":"/root/.vscode/extensions/ms-vscode-remote.remote-ssh-0.90.1/out/local-server/askpass.sh","VSCODE_SSH_ASKPASS_NODE":"/usr/share/code/code","VSCODE_SSH_ASKPASS_EXTRA_ARGS":"--ms-enable-electron-run-as-node","VSCODE_SSH_ASKPASS_MAIN":"/root/.vscode/extensions/ms-vscode-remote.remote-ssh-0.90.1/out/askpass-main.js","VSCODE_SSH_ASKPASS_HANDLE":"/tmp/vscode-ssh-askpass-4f7941d709cd0a0a3ad37ef54b904e3738804b4f.sock"}
[12:59:28.719] Spawned 126520
[12:59:28.964] > local-server-5> Spawned ssh, pid=126528
[12:59:28.976] stderr> OpenSSH_8.2p1 Ubuntu-4ubuntu0.5, OpenSSL 1.1.1f  31 Mar 2020
[12:59:28.976] stderr> ssh: Could not resolve hostname xz-ct1.cloudiplc.com: Temporary failure in name resolution
[12:59:28.979] > local-server-5> ssh child died, shutting down
[12:59:28.993] Local server exit: 0
[12:59:28.994] Received install output: local-server-5> Spawned ssh, pid=126528
OpenSSH_8.2p1 Ubuntu-4ubuntu0.5, OpenSSL 1.1.1f  31 Mar 2020
ssh: Could not resolve hostname xz-ct1.cloudiplc.com: Temporary failure in name resolution
local-server-5> ssh child died, shutting down

[12:59:28.997] Resolver error: Error: Could not resolve hostname
	at g.Offline (/root/.vscode/extensions/ms-vscode-remote.remote-ssh-0.90.1/out/extension.js:1:585273)
	at /root/.vscode/extensions/ms-vscode-remote.remote-ssh-0.90.1/out/extension.js:1:582694
	at t.handleInstallOutput (/root/.vscode/extensions/ms-vscode-remote.remote-ssh-0.90.1/out/extension.js:1:583062)
	at Object.e [as tryInstallWithLocalServer] (/root/.vscode/extensions/ms-vscode-remote.remote-ssh-0.90.1/out/extension.js:1:624373)
	at process.processTicksAndRejections (node:internal/process/task_queues:96:5)
	at async /root/.vscode/extensions/ms-vscode-remote.remote-ssh-0.90.1/out/extension.js:1:643506
	at async t.withShowDetailsEvent (/root/.vscode/extensions/ms-vscode-remote.remote-ssh-0.90.1/out/extension.js:1:647224)
	at async /root/.vscode/extensions/ms-vscode-remote.remote-ssh-0.90.1/out/extension.js:1:622845
	at async T (/root/.vscode/extensions/ms-vscode-remote.remote-ssh-0.90.1/out/extension.js:1:619351)
	at async t.resolveWithLocalServer (/root/.vscode/extensions/ms-vscode-remote.remote-ssh-0.90.1/out/extension.js:1:622460)
	at async t.resolve (/root/.vscode/extensions/ms-vscode-remote.remote-ssh-0.90.1/out/extension.js:1:644834)
	at async /root/.vscode/extensions/ms-vscode-remote.remote-ssh-0.90.1/out/extension.js:1:726917
[12:59:29.002] ------




