[22:43:56.011] Log Level: 2
[22:43:56.013] remote-ssh@0.90.1
[22:43:56.013] linux x64
[22:43:56.036] SSH Resolver called for "ssh-remote+hust02", attempt 1
[22:43:56.036] "remote.SSH.useLocalServer": true
[22:43:56.037] "remote.SSH.path": undefined
[22:43:56.037] "remote.SSH.configFile": undefined
[22:43:56.037] "remote.SSH.useFlock": true
[22:43:56.037] "remote.SSH.lockfilesInTmp": false
[22:43:56.037] "remote.SSH.localServerDownload": auto
[22:43:56.037] "remote.SSH.remoteServerListenOnSocket": false
[22:43:56.038] "remote.SSH.showLoginTerminal": false
[22:43:56.038] "remote.SSH.defaultExtensions": []
[22:43:56.038] "remote.SSH.loglevel": 2
[22:43:56.038] "remote.SSH.enableDynamicForwarding": true
[22:43:56.038] "remote.SSH.enableRemoteCommand": false
[22:43:56.038] "remote.SSH.serverPickPortsFromRange": {}
[22:43:56.039] "remote.SSH.serverInstallPath": {}
[22:43:56.047] SSH Resolver called for host: hust02
[22:43:56.047] Setting up SSH remote "hust02"
[22:43:56.052] Acquiring local install lock: /tmp/vscode-remote-ssh-d8136d83-install.lock
[22:43:56.070] Looking for existing server data file at /home/xyw/Documents/Code/Csdiy/Database/DBCMU2022/bustub-20221128-2022fall/.vscode-root/User/globalStorage/ms-vscode-remote.remote-ssh/vscode-ssh-host-d8136d83-784b0177c56c607789f9638da7b6bf3230d47a8c-0.90.1/data.json
[22:43:56.071] Found local server running: {"remoteListeningOn":{"port":35527},"osReleaseId":"ubuntu","arch":"x86_64","webUiAccessToken":"","sshAuthSock":"","display":"","tmpDir":"/run/user/1001","platform":"linux","connectionToken":"1aa11aa1-1111-1111-a111-a1a1aaa11111","pid":129106,"ipcHandlePath":"/tmp/vscode-ssh-askpass-3bc8400c0e6f407b881ad5337b8f1659a09f95b8.sock","socksPort":42941,"startupTime":1680792156764}
[22:43:56.078] Found running server - short-circuiting install
[22:43:56.084] Starting forwarding server. localPort 33959 -> socksPort 42941 -> remotePort 35527
[22:43:56.084] Forwarding server listening on 33959
[22:43:56.085] Waiting for ssh tunnel to be ready
[22:43:56.086] [Forwarding server 33959] Got connection 0
[22:43:56.088] Tunneled 35527 to local port 33959
[22:43:56.088] Resolved "ssh-remote+hust02" to "127.0.0.1:33959"
[22:43:56.104] ------




[22:43:56.119] [Forwarding server 33959] Got connection 1
[22:43:56.281] [Forwarding server 33959] Got connection 2
[11:42:20.946] ------




[11:42:20.947] SSH Resolver called for "ssh-remote+hust02", attempt 2, (Reconnection)
[11:42:20.966] SSH Resolver called for host: hust02
[11:42:20.966] Setting up SSH remote "hust02"
[11:42:20.990] Acquiring local install lock: /tmp/vscode-remote-ssh-d8136d83-install.lock
[11:42:22.477] Starting to look for password prompt from another window
[11:42:25.506] Looking for existing server data file at /home/xyw/Documents/Code/Csdiy/Database/DBCMU2022/bustub-20221128-2022fall/.vscode-root/User/globalStorage/ms-vscode-remote.remote-ssh/vscode-ssh-host-d8136d83-784b0177c56c607789f9638da7b6bf3230d47a8c-0.90.1/data.json
[11:42:25.508] Found local server running: {"remoteListeningOn":{"port":43855},"osReleaseId":"ubuntu","arch":"x86_64","webUiAccessToken":"","sshAuthSock":"","display":"","tmpDir":"/run/user/1001","platform":"linux","connectionToken":"111a111a-aaa1-1a1a-1111-aa11111a111a","pid":130733,"ipcHandlePath":"/tmp/vscode-ssh-askpass-b32e3c301867bf646de59d9af15997c751aee0f6.sock","socksPort":39789,"startupTime":1680838941090}
[11:42:25.514] Found running server - short-circuiting install
[11:42:25.517] Starting forwarding server. localPort 33151 -> socksPort 39789 -> remotePort 43855
[11:42:25.518] Forwarding server listening on 33151
[11:42:25.519] Waiting for ssh tunnel to be ready
[11:42:25.523] [Forwarding server 33151] Got connection 0
[11:42:25.525] Tunneled 43855 to local port 33151
[11:42:25.526] Resolved "ssh-remote+hust02" to "127.0.0.1:33151"
[11:42:25.535] ------




[11:42:25.574] [Forwarding server 33151] Got connection 1
[11:42:26.092] [Forwarding server 33151] Got connection 2
