[10:50:47.675] Log Level: 2
[10:50:47.678] remote-ssh@0.90.1
[10:50:47.678] linux x64
[10:50:47.712] SSH Resolver called for "ssh-remote+hust02", attempt 1
[10:50:47.712] "remote.SSH.useLocalServer": true
[10:50:47.713] "remote.SSH.path": undefined
[10:50:47.713] "remote.SSH.configFile": undefined
[10:50:47.713] "remote.SSH.useFlock": true
[10:50:47.714] "remote.SSH.lockfilesInTmp": false
[10:50:47.714] "remote.SSH.localServerDownload": auto
[10:50:47.714] "remote.SSH.remoteServerListenOnSocket": false
[10:50:47.714] "remote.SSH.showLoginTerminal": false
[10:50:47.714] "remote.SSH.defaultExtensions": []
[10:50:47.714] "remote.SSH.loglevel": 2
[10:50:47.715] "remote.SSH.enableDynamicForwarding": true
[10:50:47.715] "remote.SSH.enableRemoteCommand": false
[10:50:47.715] "remote.SSH.serverPickPortsFromRange": {}
[10:50:47.715] "remote.SSH.serverInstallPath": {}
[10:50:47.726] SSH Resolver called for host: hust02
[10:50:47.726] Setting up SSH remote "hust02"
[10:50:47.732] Acquiring local install lock: /tmp/vscode-remote-ssh-d8136d83-install.lock
[10:50:47.739] Looking for existing server data file at /home/xyw/Documents/Code/Csdiy/Database/DBCMU2022/bustub-20221128-2022fall/.vscode-root/User/globalStorage/ms-vscode-remote.remote-ssh/vscode-ssh-host-d8136d83-784b0177c56c607789f9638da7b6bf3230d47a8c-0.90.1/data.json
[10:50:47.740] Using commit id "784b0177c56c607789f9638da7b6bf3230d47a8c" and quality "stable" for server
[10:50:47.746] Install and start server if needed
[10:50:47.755] PATH: /usr/local/sbin:/usr/local/bin:/usr/sbin:/usr/bin:/sbin:/bin:/snap/bin
[10:50:47.755] Checking ssh with "ssh -V"
[10:50:47.792] > OpenSSH_8.2p1 Ubuntu-4ubuntu0.5, OpenSSL 1.1.1f  31 Mar 2020

[10:50:47.799] askpass server listening on /tmp/vscode-ssh-askpass-e28c3644733b0f4b86c3014b804c3069a1069db3.sock
[10:50:47.800] Spawning local server with {"serverId":1,"ipcHandlePath":"/tmp/vscode-ssh-askpass-4bb4f6bd72b90f27aa2f6c4921babb2ae011f558.sock","sshCommand":"ssh","sshArgs":["-v","-T","-D","41103","-o","ConnectTimeout=15","hust02"],"serverDataFolderName":".vscode-server","dataFilePath":"/home/xyw/Documents/Code/Csdiy/Database/DBCMU2022/bustub-20221128-2022fall/.vscode-root/User/globalStorage/ms-vscode-remote.remote-ssh/vscode-ssh-host-d8136d83-784b0177c56c607789f9638da7b6bf3230d47a8c-0.90.1/data.json"}
[10:50:47.800] Local server env: {"SHELL":"/bin/bash","DISPLAY":":0","ELECTRON_RUN_AS_NODE":"1","SSH_ASKPASS":"/root/.vscode/extensions/ms-vscode-remote.remote-ssh-0.90.1/out/local-server/askpass.sh","VSCODE_SSH_ASKPASS_NODE":"/usr/share/code/code","VSCODE_SSH_ASKPASS_EXTRA_ARGS":"--ms-enable-electron-run-as-node","VSCODE_SSH_ASKPASS_MAIN":"/root/.vscode/extensions/ms-vscode-remote.remote-ssh-0.90.1/out/askpass-main.js","VSCODE_SSH_ASKPASS_HANDLE":"/tmp/vscode-ssh-askpass-e28c3644733b0f4b86c3014b804c3069a1069db3.sock"}
[10:50:47.815] Spawned 124962
[10:50:48.020] > local-server-1> Spawned ssh, pid=124970
[10:50:48.029] stderr> OpenSSH_8.2p1 Ubuntu-4ubuntu0.5, OpenSSL 1.1.1f  31 Mar 2020
[10:50:48.583] stderr> debug1: Server host key: ecdsa-sha2-nistp256 SHA256:RTYGHnJ48YY8z0RysizPpTP0ShpOGWw9u4R5abt086k
[10:50:49.198] stderr> Authenticated to xz-ct1.cloudiplc.com ([221.229.197.235]:39234).
[10:50:50.237] > Welcome to Ubuntu 20.04.4 LTS (GNU/Linux 5.4.0-136-generic x86_64)
> 
>  * Documentation:  https://help.ubuntu.com
>  * Management:     https://landscape.canonical.com
>  * Support:        https://ubuntu.com/advantage
> 
>   System information as of Thu 06 Apr 2023 10:50:49 AM CST
> 
>   System load:  0.06                Processes:                   1499
>   Usage of /:   47.3% of 889.17GB   Users logged in:             2
>   Memory usage: 4%                  IPv4 address for ens25f0:    172.16.9.234
>   Swap usage:   0%                  IPv4 address for ztc25kybwp: 10.144.184.215
>   Temperature:  45.0 C              IPv4 address for ztc25kybwp: 10.144.39.234
> 
>  * Strictly confined Kubernetes makes edge and IoT secure. Learn how MicroK8s
>    just raised the bar for easy, resilient and secure K8s cluster deployment.
> 
>    https://ubuntu.com/engage/secure-kubernetes-at-the-edge
> 
> 168 updates can be applied immediately.
> To see these additional updates run: apt list --upgradable
> 
> New release '22.04.2 LTS' available.
> Run 'do-release-upgrade' to upgrade to it.
> 
> 
> 1 updates could not be installed automatically. For more details,
> see /var/log/unattended-upgrades/unattended-upgrades.log
> Your Hardware Enablement Stack (HWE) is supported until April 2025.
> 
> *** System restart required ***
[10:50:52.886] > ready: de353ba792f1
[10:50:52.986] > Linux 5.4.0-136-generic #153-Ubuntu SMP Thu Nov 24 15:56:58 UTC 2022
[10:50:52.987] Platform: linux
[10:50:53.087] > /bin/bash
[10:50:53.087] Shell: bash
[10:50:53.088] Creating bash subshell inside "bash"
[10:50:53.189] > bash version:  5.0.17(1)-release
[10:50:53.293] > bash version:  5.0.17(1)-release
[10:50:53.393] > de353ba792f1: running
[10:50:53.496] > Acquiring lock on /home/xyw/.vscode-server/bin/784b0177c56c607789f9638da7b6bf3230d47a8c/vscode-remote-lock.xyw.784b0177c56c607789f9638da7b6bf3230d47a8c
> Found existing installation at /home/xyw/.vscode-server/bin/784b0177c56c607789f9638da7b6bf3230d47a8c...
> Checking /home/xyw/.vscode-server/.784b0177c56c607789f9638da7b6bf3230d47a8c.log and /home/xyw/.vscode-server/.784b0177c56c607789f9638da7b6bf3230d47a8c.pid for a running server
> Looking for server with pid: 2446086
> Found running server...
[10:50:53.710] >  
> *
> * Reminder: You may only use this software with Visual Studio family products,
> * as described in the license (https://go.microsoft.com/fwlink/?linkid=2077057)
> *
>  
> Checking server status on port 42867 with wget
> de353ba792f1: start
> SSH_AUTH_SOCK====
> DISPLAY====
> webUiAccessToken====
> listeningOn==42867==
> osReleaseId==ubuntu==
> arch==x86_64==
> tmpDir==/run/user/1001==
> platform==linux==
> unpackResult====
> didLocalDownload==0==
> downloadTime====
> installTime====
> extInstallTime====
> serverStartTime====
> connectionToken==1aa11aa1-a11a-1a1a-1aaa-aa1a11111aa1==
> de353ba792f1: end
[10:50:53.710] Received install output: 
SSH_AUTH_SOCK====
DISPLAY====
webUiAccessToken====
listeningOn==42867==
osReleaseId==ubuntu==
arch==x86_64==
tmpDir==/run/user/1001==
platform==linux==
unpackResult====
didLocalDownload==0==
downloadTime====
installTime====
extInstallTime====
serverStartTime====
connectionToken==1aa11aa1-a11a-1a1a-1aaa-aa1a11111aa1==

[10:50:53.711] Remote server is listening on 42867
[10:50:53.712] Parsed server configuration: {"serverConfiguration":{"remoteListeningOn":{"port":42867},"osReleaseId":"ubuntu","arch":"x86_64","webUiAccessToken":"","sshAuthSock":"","display":"","tmpDir":"/run/user/1001","platform":"linux","connectionToken":"1aa11aa1-a11a-1a1a-1aaa-aa1a11111aa1"},"installUnpackCode":""}
[10:50:53.713] Persisting server connection details to /home/xyw/Documents/Code/Csdiy/Database/DBCMU2022/bustub-20221128-2022fall/.vscode-root/User/globalStorage/ms-vscode-remote.remote-ssh/vscode-ssh-host-d8136d83-784b0177c56c607789f9638da7b6bf3230d47a8c-0.90.1/data.json
[10:50:53.721] Starting forwarding server. localPort 44869 -> socksPort 41103 -> remotePort 42867
[10:50:53.721] Forwarding server listening on 44869
[10:50:53.721] Waiting for ssh tunnel to be ready
[10:50:53.724] [Forwarding server 44869] Got connection 0
[10:50:53.728] Tunneled 42867 to local port 44869
[10:50:53.729] Resolved "ssh-remote+hust02" to "127.0.0.1:44869"
[10:50:53.754] ------




[10:50:53.808] [Forwarding server 44869] Got connection 1
[10:50:54.229] [Forwarding server 44869] Got connection 2
[12:57:25.772] ------




[12:57:25.773] SSH Resolver called for "ssh-remote+hust02", attempt 2, (Reconnection)
[12:57:25.783] SSH Resolver called for host: hust02
[12:57:25.784] Setting up SSH remote "hust02"
[12:57:25.797] Acquiring local install lock: /tmp/vscode-remote-ssh-d8136d83-install.lock
[12:57:25.800] Looking for existing server data file at /home/xyw/Documents/Code/Csdiy/Database/DBCMU2022/bustub-20221128-2022fall/.vscode-root/User/globalStorage/ms-vscode-remote.remote-ssh/vscode-ssh-host-d8136d83-784b0177c56c607789f9638da7b6bf3230d47a8c-0.90.1/data.json
[12:57:25.804] Found local server running: {"remoteListeningOn":{"port":42867},"osReleaseId":"ubuntu","arch":"x86_64","webUiAccessToken":"","sshAuthSock":"","display":"","tmpDir":"/run/user/1001","platform":"linux","connectionToken":"1aa11aa1-a11a-1a1a-1aaa-aa1a11111aa1","pid":124962,"ipcHandlePath":"/tmp/vscode-ssh-askpass-4bb4f6bd72b90f27aa2f6c4921babb2ae011f558.sock","socksPort":41103,"startupTime":1680749447815}
[12:57:25.804] Running server is stale. Ignoring
[12:57:25.809] Using commit id "784b0177c56c607789f9638da7b6bf3230d47a8c" and quality "stable" for server
[12:57:25.827] Install and start server if needed
[12:57:25.843] askpass server listening on /tmp/vscode-ssh-askpass-f157696a8e6ed51fd9708ab927fda5340de27225.sock
[12:57:25.843] Spawning local server with {"serverId":2,"ipcHandlePath":"/tmp/vscode-ssh-askpass-d8d4c589eb1ebe6d7ada0b9be360fe3517c2a993.sock","sshCommand":"ssh","sshArgs":["-v","-T","-D","39175","-o","ConnectTimeout=15","hust02"],"serverDataFolderName":".vscode-server","dataFilePath":"/home/xyw/Documents/Code/Csdiy/Database/DBCMU2022/bustub-20221128-2022fall/.vscode-root/User/globalStorage/ms-vscode-remote.remote-ssh/vscode-ssh-host-d8136d83-784b0177c56c607789f9638da7b6bf3230d47a8c-0.90.1/data.json"}
[12:57:25.844] Local server env: {"SHELL":"/bin/bash","DISPLAY":":0","ELECTRON_RUN_AS_NODE":"1","SSH_ASKPASS":"/root/.vscode/extensions/ms-vscode-remote.remote-ssh-0.90.1/out/local-server/askpass.sh","VSCODE_SSH_ASKPASS_NODE":"/usr/share/code/code","VSCODE_SSH_ASKPASS_EXTRA_ARGS":"--ms-enable-electron-run-as-node","VSCODE_SSH_ASKPASS_MAIN":"/root/.vscode/extensions/ms-vscode-remote.remote-ssh-0.90.1/out/askpass-main.js","VSCODE_SSH_ASKPASS_HANDLE":"/tmp/vscode-ssh-askpass-f157696a8e6ed51fd9708ab927fda5340de27225.sock"}
[12:57:25.957] Spawned 126315
[12:57:26.387] > local-server-2> Spawned ssh, pid=126324
[12:57:26.403] stderr> OpenSSH_8.2p1 Ubuntu-4ubuntu0.5, OpenSSL 1.1.1f  31 Mar 2020
[12:57:26.412] stderr> ssh: Could not resolve hostname xz-ct1.cloudiplc.com: Temporary failure in name resolution
[12:57:26.412] > local-server-2> ssh child died, shutting down
[12:57:26.432] Local server exit: 0
[12:57:26.434] Received install output: local-server-2> Spawned ssh, pid=126324
OpenSSH_8.2p1 Ubuntu-4ubuntu0.5, OpenSSL 1.1.1f  31 Mar 2020
ssh: Could not resolve hostname xz-ct1.cloudiplc.com: Temporary failure in name resolution
local-server-2> ssh child died, shutting down

[12:57:26.440] Resolver error: Error: Could not resolve hostname
	at g.Offline (/root/.vscode/extensions/ms-vscode-remote.remote-ssh-0.90.1/out/extension.js:1:585273)
	at /root/.vscode/extensions/ms-vscode-remote.remote-ssh-0.90.1/out/extension.js:1:582694
	at t.handleInstallOutput (/root/.vscode/extensions/ms-vscode-remote.remote-ssh-0.90.1/out/extension.js:1:583062)
	at Object.e [as tryInstallWithLocalServer] (/root/.vscode/extensions/ms-vscode-remote.remote-ssh-0.90.1/out/extension.js:1:624373)
	at process.processTicksAndRejections (node:internal/process/task_queues:96:5)
	at async /root/.vscode/extensions/ms-vscode-remote.remote-ssh-0.90.1/out/extension.js:1:643506
	at async t.withShowDetailsEvent (/root/.vscode/extensions/ms-vscode-remote.remote-ssh-0.90.1/out/extension.js:1:647224)
	at async /root/.vscode/extensions/ms-vscode-remote.remote-ssh-0.90.1/out/extension.js:1:622845
	at async T (/root/.vscode/extensions/ms-vscode-remote.remote-ssh-0.90.1/out/extension.js:1:619351)
	at async t.resolveWithLocalServer (/root/.vscode/extensions/ms-vscode-remote.remote-ssh-0.90.1/out/extension.js:1:622460)
	at async t.resolve (/root/.vscode/extensions/ms-vscode-remote.remote-ssh-0.90.1/out/extension.js:1:644834)
	at async /root/.vscode/extensions/ms-vscode-remote.remote-ssh-0.90.1/out/extension.js:1:726917
[12:57:26.456] ------




[12:57:29.674] > local-server-1> Timed out
[12:57:29.707] Local server exit: 0
[12:57:31.471] ------




[12:57:31.471] SSH Resolver called for "ssh-remote+hust02", attempt 3, (Reconnection)
[12:57:31.474] SSH Resolver called for host: hust02
[12:57:31.474] Setting up SSH remote "hust02"
[12:57:31.476] Acquiring local install lock: /tmp/vscode-remote-ssh-d8136d83-install.lock
[12:57:31.477] Looking for existing server data file at /home/xyw/Documents/Code/Csdiy/Database/DBCMU2022/bustub-20221128-2022fall/.vscode-root/User/globalStorage/ms-vscode-remote.remote-ssh/vscode-ssh-host-d8136d83-784b0177c56c607789f9638da7b6bf3230d47a8c-0.90.1/data.json
[12:57:31.478] Using commit id "784b0177c56c607789f9638da7b6bf3230d47a8c" and quality "stable" for server
[12:57:31.486] Install and start server if needed
[12:57:31.493] askpass server listening on /tmp/vscode-ssh-askpass-c1793447b322855d9c36b06079df98cab519543b.sock
[12:57:31.494] Spawning local server with {"serverId":3,"ipcHandlePath":"/tmp/vscode-ssh-askpass-4bb089ebdf692301c4116ba103b1d267a7554a77.sock","sshCommand":"ssh","sshArgs":["-v","-T","-D","38717","-o","ConnectTimeout=15","hust02"],"serverDataFolderName":".vscode-server","dataFilePath":"/home/xyw/Documents/Code/Csdiy/Database/DBCMU2022/bustub-20221128-2022fall/.vscode-root/User/globalStorage/ms-vscode-remote.remote-ssh/vscode-ssh-host-d8136d83-784b0177c56c607789f9638da7b6bf3230d47a8c-0.90.1/data.json"}
[12:57:31.494] Local server env: {"SHELL":"/bin/bash","DISPLAY":":0","ELECTRON_RUN_AS_NODE":"1","SSH_ASKPASS":"/root/.vscode/extensions/ms-vscode-remote.remote-ssh-0.90.1/out/local-server/askpass.sh","VSCODE_SSH_ASKPASS_NODE":"/usr/share/code/code","VSCODE_SSH_ASKPASS_EXTRA_ARGS":"--ms-enable-electron-run-as-node","VSCODE_SSH_ASKPASS_MAIN":"/root/.vscode/extensions/ms-vscode-remote.remote-ssh-0.90.1/out/askpass-main.js","VSCODE_SSH_ASKPASS_HANDLE":"/tmp/vscode-ssh-askpass-c1793447b322855d9c36b06079df98cab519543b.sock"}
[12:57:31.506] Spawned 126325
[12:57:31.731] > local-server-3> Spawned ssh, pid=126333
[12:57:31.742] stderr> OpenSSH_8.2p1 Ubuntu-4ubuntu0.5, OpenSSL 1.1.1f  31 Mar 2020
[12:57:31.745] stderr> ssh: Could not resolve hostname xz-ct1.cloudiplc.com: Temporary failure in name resolution
[12:57:31.750] > local-server-3> ssh child died, shutting down
[12:57:31.759] Local server exit: 0
[12:57:31.760] Received install output: local-server-3> Spawned ssh, pid=126333
OpenSSH_8.2p1 Ubuntu-4ubuntu0.5, OpenSSL 1.1.1f  31 Mar 2020
ssh: Could not resolve hostname xz-ct1.cloudiplc.com: Temporary failure in name resolution
local-server-3> ssh child died, shutting down

[12:57:31.764] Resolver error: Error: Could not resolve hostname
	at g.Offline (/root/.vscode/extensions/ms-vscode-remote.remote-ssh-0.90.1/out/extension.js:1:585273)
	at /root/.vscode/extensions/ms-vscode-remote.remote-ssh-0.90.1/out/extension.js:1:582694
	at t.handleInstallOutput (/root/.vscode/extensions/ms-vscode-remote.remote-ssh-0.90.1/out/extension.js:1:583062)
	at Object.e [as tryInstallWithLocalServer] (/root/.vscode/extensions/ms-vscode-remote.remote-ssh-0.90.1/out/extension.js:1:624373)
	at process.processTicksAndRejections (node:internal/process/task_queues:96:5)
	at async /root/.vscode/extensions/ms-vscode-remote.remote-ssh-0.90.1/out/extension.js:1:643506
	at async t.withShowDetailsEvent (/root/.vscode/extensions/ms-vscode-remote.remote-ssh-0.90.1/out/extension.js:1:647224)
	at async /root/.vscode/extensions/ms-vscode-remote.remote-ssh-0.90.1/out/extension.js:1:622845
	at async T (/root/.vscode/extensions/ms-vscode-remote.remote-ssh-0.90.1/out/extension.js:1:619351)
	at async t.resolveWithLocalServer (/root/.vscode/extensions/ms-vscode-remote.remote-ssh-0.90.1/out/extension.js:1:622460)
	at async t.resolve (/root/.vscode/extensions/ms-vscode-remote.remote-ssh-0.90.1/out/extension.js:1:644834)
	at async /root/.vscode/extensions/ms-vscode-remote.remote-ssh-0.90.1/out/extension.js:1:726917
[12:57:31.770] ------




[12:57:36.786] ------




[12:57:36.786] SSH Resolver called for "ssh-remote+hust02", attempt 4, (Reconnection)
[12:57:36.789] SSH Resolver called for host: hust02
[12:57:36.789] Setting up SSH remote "hust02"
[12:57:36.795] Acquiring local install lock: /tmp/vscode-remote-ssh-d8136d83-install.lock
[12:57:36.796] Looking for existing server data file at /home/xyw/Documents/Code/Csdiy/Database/DBCMU2022/bustub-20221128-2022fall/.vscode-root/User/globalStorage/ms-vscode-remote.remote-ssh/vscode-ssh-host-d8136d83-784b0177c56c607789f9638da7b6bf3230d47a8c-0.90.1/data.json
[12:57:36.797] Using commit id "784b0177c56c607789f9638da7b6bf3230d47a8c" and quality "stable" for server
[12:57:36.807] Install and start server if needed
[12:57:36.830] askpass server listening on /tmp/vscode-ssh-askpass-3abfbd200b7463d0d03793a70bde4d29350e541d.sock
[12:57:36.832] Spawning local server with {"serverId":4,"ipcHandlePath":"/tmp/vscode-ssh-askpass-80b707b6fc81495552f996c700ee458edf931b73.sock","sshCommand":"ssh","sshArgs":["-v","-T","-D","43907","-o","ConnectTimeout=15","hust02"],"serverDataFolderName":".vscode-server","dataFilePath":"/home/xyw/Documents/Code/Csdiy/Database/DBCMU2022/bustub-20221128-2022fall/.vscode-root/User/globalStorage/ms-vscode-remote.remote-ssh/vscode-ssh-host-d8136d83-784b0177c56c607789f9638da7b6bf3230d47a8c-0.90.1/data.json"}
[12:57:36.832] Local server env: {"SHELL":"/bin/bash","DISPLAY":":0","ELECTRON_RUN_AS_NODE":"1","SSH_ASKPASS":"/root/.vscode/extensions/ms-vscode-remote.remote-ssh-0.90.1/out/local-server/askpass.sh","VSCODE_SSH_ASKPASS_NODE":"/usr/share/code/code","VSCODE_SSH_ASKPASS_EXTRA_ARGS":"--ms-enable-electron-run-as-node","VSCODE_SSH_ASKPASS_MAIN":"/root/.vscode/extensions/ms-vscode-remote.remote-ssh-0.90.1/out/askpass-main.js","VSCODE_SSH_ASKPASS_HANDLE":"/tmp/vscode-ssh-askpass-3abfbd200b7463d0d03793a70bde4d29350e541d.sock"}
[12:57:36.845] Spawned 126338
[12:57:37.075] > local-server-4> Spawned ssh, pid=126346
[12:57:37.081] stderr> OpenSSH_8.2p1 Ubuntu-4ubuntu0.5, OpenSSL 1.1.1f  31 Mar 2020
[12:57:37.085] stderr> ssh: Could not resolve hostname xz-ct1.cloudiplc.com: Temporary failure in name resolution
[12:57:37.086] > local-server-4> ssh child died, shutting down
[12:57:37.096] Local server exit: 0
[12:57:37.096] Received install output: local-server-4> Spawned ssh, pid=126346
OpenSSH_8.2p1 Ubuntu-4ubuntu0.5, OpenSSL 1.1.1f  31 Mar 2020
ssh: Could not resolve hostname xz-ct1.cloudiplc.com: Temporary failure in name resolution
local-server-4> ssh child died, shutting down

[12:57:37.098] Resolver error: Error: Could not resolve hostname
	at g.Offline (/root/.vscode/extensions/ms-vscode-remote.remote-ssh-0.90.1/out/extension.js:1:585273)
	at /root/.vscode/extensions/ms-vscode-remote.remote-ssh-0.90.1/out/extension.js:1:582694
	at t.handleInstallOutput (/root/.vscode/extensions/ms-vscode-remote.remote-ssh-0.90.1/out/extension.js:1:583062)
	at Object.e [as tryInstallWithLocalServer] (/root/.vscode/extensions/ms-vscode-remote.remote-ssh-0.90.1/out/extension.js:1:624373)
	at process.processTicksAndRejections (node:internal/process/task_queues:96:5)
	at async /root/.vscode/extensions/ms-vscode-remote.remote-ssh-0.90.1/out/extension.js:1:643506
	at async t.withShowDetailsEvent (/root/.vscode/extensions/ms-vscode-remote.remote-ssh-0.90.1/out/extension.js:1:647224)
	at async /root/.vscode/extensions/ms-vscode-remote.remote-ssh-0.90.1/out/extension.js:1:622845
	at async T (/root/.vscode/extensions/ms-vscode-remote.remote-ssh-0.90.1/out/extension.js:1:619351)
	at async t.resolveWithLocalServer (/root/.vscode/extensions/ms-vscode-remote.remote-ssh-0.90.1/out/extension.js:1:622460)
	at async t.resolve (/root/.vscode/extensions/ms-vscode-remote.remote-ssh-0.90.1/out/extension.js:1:644834)
	at async /root/.vscode/extensions/ms-vscode-remote.remote-ssh-0.90.1/out/extension.js:1:726917
[12:57:37.102] ------




[12:57:47.117] ------




[12:57:47.117] SSH Resolver called for "ssh-remote+hust02", attempt 5, (Reconnection)
[12:57:47.119] SSH Resolver called for host: hust02
[12:57:47.119] Setting up SSH remote "hust02"
[12:57:47.120] Acquiring local install lock: /tmp/vscode-remote-ssh-d8136d83-install.lock
[12:57:47.121] Looking for existing server data file at /home/xyw/Documents/Code/Csdiy/Database/DBCMU2022/bustub-20221128-2022fall/.vscode-root/User/globalStorage/ms-vscode-remote.remote-ssh/vscode-ssh-host-d8136d83-784b0177c56c607789f9638da7b6bf3230d47a8c-0.90.1/data.json
[12:57:47.122] Using commit id "784b0177c56c607789f9638da7b6bf3230d47a8c" and quality "stable" for server
[12:57:47.132] Install and start server if needed
[12:57:47.138] askpass server listening on /tmp/vscode-ssh-askpass-fddb516c876c2e5c347afe0fe33737cd581b530a.sock
[12:57:47.138] Spawning local server with {"serverId":5,"ipcHandlePath":"/tmp/vscode-ssh-askpass-b6f566a0029e2432c5249adee0ad1061884bc0ae.sock","sshCommand":"ssh","sshArgs":["-v","-T","-D","42885","-o","ConnectTimeout=15","hust02"],"serverDataFolderName":".vscode-server","dataFilePath":"/home/xyw/Documents/Code/Csdiy/Database/DBCMU2022/bustub-20221128-2022fall/.vscode-root/User/globalStorage/ms-vscode-remote.remote-ssh/vscode-ssh-host-d8136d83-784b0177c56c607789f9638da7b6bf3230d47a8c-0.90.1/data.json"}
[12:57:47.139] Local server env: {"SHELL":"/bin/bash","DISPLAY":":0","ELECTRON_RUN_AS_NODE":"1","SSH_ASKPASS":"/root/.vscode/extensions/ms-vscode-remote.remote-ssh-0.90.1/out/local-server/askpass.sh","VSCODE_SSH_ASKPASS_NODE":"/usr/share/code/code","VSCODE_SSH_ASKPASS_EXTRA_ARGS":"--ms-enable-electron-run-as-node","VSCODE_SSH_ASKPASS_MAIN":"/root/.vscode/extensions/ms-vscode-remote.remote-ssh-0.90.1/out/askpass-main.js","VSCODE_SSH_ASKPASS_HANDLE":"/tmp/vscode-ssh-askpass-fddb516c876c2e5c347afe0fe33737cd581b530a.sock"}
[12:57:47.152] Spawned 126353
[12:57:47.384] > local-server-5> Spawned ssh, pid=126361
[12:57:47.395] stderr> OpenSSH_8.2p1 Ubuntu-4ubuntu0.5, OpenSSL 1.1.1f  31 Mar 2020
[12:57:47.397] stderr> ssh: Could not resolve hostname xz-ct1.cloudiplc.com: Temporary failure in name resolution
[12:57:47.399] > local-server-5> ssh child died, shutting down
[12:57:47.413] Local server exit: 0
[12:57:47.414] Received install output: local-server-5> Spawned ssh, pid=126361
OpenSSH_8.2p1 Ubuntu-4ubuntu0.5, OpenSSL 1.1.1f  31 Mar 2020
ssh: Could not resolve hostname xz-ct1.cloudiplc.com: Temporary failure in name resolution
local-server-5> ssh child died, shutting down

[12:57:47.418] Resolver error: Error: Could not resolve hostname
	at g.Offline (/root/.vscode/extensions/ms-vscode-remote.remote-ssh-0.90.1/out/extension.js:1:585273)
	at /root/.vscode/extensions/ms-vscode-remote.remote-ssh-0.90.1/out/extension.js:1:582694
	at t.handleInstallOutput (/root/.vscode/extensions/ms-vscode-remote.remote-ssh-0.90.1/out/extension.js:1:583062)
	at Object.e [as tryInstallWithLocalServer] (/root/.vscode/extensions/ms-vscode-remote.remote-ssh-0.90.1/out/extension.js:1:624373)
	at process.processTicksAndRejections (node:internal/process/task_queues:96:5)
	at async /root/.vscode/extensions/ms-vscode-remote.remote-ssh-0.90.1/out/extension.js:1:643506
	at async t.withShowDetailsEvent (/root/.vscode/extensions/ms-vscode-remote.remote-ssh-0.90.1/out/extension.js:1:647224)
	at async /root/.vscode/extensions/ms-vscode-remote.remote-ssh-0.90.1/out/extension.js:1:622845
	at async T (/root/.vscode/extensions/ms-vscode-remote.remote-ssh-0.90.1/out/extension.js:1:619351)
	at async t.resolveWithLocalServer (/root/.vscode/extensions/ms-vscode-remote.remote-ssh-0.90.1/out/extension.js:1:622460)
	at async t.resolve (/root/.vscode/extensions/ms-vscode-remote.remote-ssh-0.90.1/out/extension.js:1:644834)
	at async /root/.vscode/extensions/ms-vscode-remote.remote-ssh-0.90.1/out/extension.js:1:726917
[12:57:47.425] ------




[12:57:57.484] ------




[12:57:57.484] SSH Resolver called for "ssh-remote+hust02", attempt 6, (Reconnection)
[12:57:57.488] SSH Resolver called for host: hust02
[12:57:57.489] Setting up SSH remote "hust02"
[12:57:57.497] Acquiring local install lock: /tmp/vscode-remote-ssh-d8136d83-install.lock
[12:57:57.500] Looking for existing server data file at /home/xyw/Documents/Code/Csdiy/Database/DBCMU2022/bustub-20221128-2022fall/.vscode-root/User/globalStorage/ms-vscode-remote.remote-ssh/vscode-ssh-host-d8136d83-784b0177c56c607789f9638da7b6bf3230d47a8c-0.90.1/data.json
[12:57:57.501] Using commit id "784b0177c56c607789f9638da7b6bf3230d47a8c" and quality "stable" for server
[12:57:57.509] Install and start server if needed
[12:57:57.521] askpass server listening on /tmp/vscode-ssh-askpass-1a94a3854fa837bbf1d0160c69819f34a9428ed0.sock
[12:57:57.522] Spawning local server with {"serverId":6,"ipcHandlePath":"/tmp/vscode-ssh-askpass-fc998c8063d1e337a271b737b31b6bd84285597a.sock","sshCommand":"ssh","sshArgs":["-v","-T","-D","33557","-o","ConnectTimeout=15","hust02"],"serverDataFolderName":".vscode-server","dataFilePath":"/home/xyw/Documents/Code/Csdiy/Database/DBCMU2022/bustub-20221128-2022fall/.vscode-root/User/globalStorage/ms-vscode-remote.remote-ssh/vscode-ssh-host-d8136d83-784b0177c56c607789f9638da7b6bf3230d47a8c-0.90.1/data.json"}
[12:57:57.522] Local server env: {"SHELL":"/bin/bash","DISPLAY":":0","ELECTRON_RUN_AS_NODE":"1","SSH_ASKPASS":"/root/.vscode/extensions/ms-vscode-remote.remote-ssh-0.90.1/out/local-server/askpass.sh","VSCODE_SSH_ASKPASS_NODE":"/usr/share/code/code","VSCODE_SSH_ASKPASS_EXTRA_ARGS":"--ms-enable-electron-run-as-node","VSCODE_SSH_ASKPASS_MAIN":"/root/.vscode/extensions/ms-vscode-remote.remote-ssh-0.90.1/out/askpass-main.js","VSCODE_SSH_ASKPASS_HANDLE":"/tmp/vscode-ssh-askpass-1a94a3854fa837bbf1d0160c69819f34a9428ed0.sock"}
[12:57:57.534] Spawned 126364
[12:57:57.794] > local-server-6> Spawned ssh, pid=126372
[12:57:57.805] stderr> OpenSSH_8.2p1 Ubuntu-4ubuntu0.5, OpenSSL 1.1.1f  31 Mar 2020
[12:57:57.810] stderr> ssh: Could not resolve hostname xz-ct1.cloudiplc.com: Temporary failure in name resolution
[12:57:57.811] > local-server-6> ssh child died, shutting down
[12:57:57.823] Local server exit: 0
[12:57:57.823] Received install output: local-server-6> Spawned ssh, pid=126372
OpenSSH_8.2p1 Ubuntu-4ubuntu0.5, OpenSSL 1.1.1f  31 Mar 2020
ssh: Could not resolve hostname xz-ct1.cloudiplc.com: Temporary failure in name resolution
local-server-6> ssh child died, shutting down

[12:57:57.826] Resolver error: Error: Could not resolve hostname
	at g.Offline (/root/.vscode/extensions/ms-vscode-remote.remote-ssh-0.90.1/out/extension.js:1:585273)
	at /root/.vscode/extensions/ms-vscode-remote.remote-ssh-0.90.1/out/extension.js:1:582694
	at t.handleInstallOutput (/root/.vscode/extensions/ms-vscode-remote.remote-ssh-0.90.1/out/extension.js:1:583062)
	at Object.e [as tryInstallWithLocalServer] (/root/.vscode/extensions/ms-vscode-remote.remote-ssh-0.90.1/out/extension.js:1:624373)
	at process.processTicksAndRejections (node:internal/process/task_queues:96:5)
	at async /root/.vscode/extensions/ms-vscode-remote.remote-ssh-0.90.1/out/extension.js:1:643506
	at async t.withShowDetailsEvent (/root/.vscode/extensions/ms-vscode-remote.remote-ssh-0.90.1/out/extension.js:1:647224)
	at async /root/.vscode/extensions/ms-vscode-remote.remote-ssh-0.90.1/out/extension.js:1:622845
	at async T (/root/.vscode/extensions/ms-vscode-remote.remote-ssh-0.90.1/out/extension.js:1:619351)
	at async t.resolveWithLocalServer (/root/.vscode/extensions/ms-vscode-remote.remote-ssh-0.90.1/out/extension.js:1:622460)
	at async t.resolve (/root/.vscode/extensions/ms-vscode-remote.remote-ssh-0.90.1/out/extension.js:1:644834)
	at async /root/.vscode/extensions/ms-vscode-remote.remote-ssh-0.90.1/out/extension.js:1:726917
[12:57:57.840] ------




[12:58:07.853] ------




[12:58:07.853] SSH Resolver called for "ssh-remote+hust02", attempt 7, (Reconnection)
[12:58:07.856] SSH Resolver called for host: hust02
[12:58:07.856] Setting up SSH remote "hust02"
[12:58:07.858] Acquiring local install lock: /tmp/vscode-remote-ssh-d8136d83-install.lock
[12:58:07.859] Looking for existing server data file at /home/xyw/Documents/Code/Csdiy/Database/DBCMU2022/bustub-20221128-2022fall/.vscode-root/User/globalStorage/ms-vscode-remote.remote-ssh/vscode-ssh-host-d8136d83-784b0177c56c607789f9638da7b6bf3230d47a8c-0.90.1/data.json
[12:58:07.860] Using commit id "784b0177c56c607789f9638da7b6bf3230d47a8c" and quality "stable" for server
[12:58:07.869] Install and start server if needed
[12:58:07.878] askpass server listening on /tmp/vscode-ssh-askpass-c0ca5ef7ab8dec36b5a8ba4d3e4912bd439843dd.sock
[12:58:07.878] Spawning local server with {"serverId":7,"ipcHandlePath":"/tmp/vscode-ssh-askpass-03ef658189b4e56d17ae28a41f4ef8ae91504558.sock","sshCommand":"ssh","sshArgs":["-v","-T","-D","34553","-o","ConnectTimeout=15","hust02"],"serverDataFolderName":".vscode-server","dataFilePath":"/home/xyw/Documents/Code/Csdiy/Database/DBCMU2022/bustub-20221128-2022fall/.vscode-root/User/globalStorage/ms-vscode-remote.remote-ssh/vscode-ssh-host-d8136d83-784b0177c56c607789f9638da7b6bf3230d47a8c-0.90.1/data.json"}
[12:58:07.879] Local server env: {"SHELL":"/bin/bash","DISPLAY":":0","ELECTRON_RUN_AS_NODE":"1","SSH_ASKPASS":"/root/.vscode/extensions/ms-vscode-remote.remote-ssh-0.90.1/out/local-server/askpass.sh","VSCODE_SSH_ASKPASS_NODE":"/usr/share/code/code","VSCODE_SSH_ASKPASS_EXTRA_ARGS":"--ms-enable-electron-run-as-node","VSCODE_SSH_ASKPASS_MAIN":"/root/.vscode/extensions/ms-vscode-remote.remote-ssh-0.90.1/out/askpass-main.js","VSCODE_SSH_ASKPASS_HANDLE":"/tmp/vscode-ssh-askpass-c0ca5ef7ab8dec36b5a8ba4d3e4912bd439843dd.sock"}
[12:58:07.889] Spawned 126382
[12:58:08.139] > local-server-7> Spawned ssh, pid=126390
[12:58:08.148] stderr> OpenSSH_8.2p1 Ubuntu-4ubuntu0.5, OpenSSL 1.1.1f  31 Mar 2020
[12:58:08.149] stderr> ssh: Could not resolve hostname xz-ct1.cloudiplc.com: Temporary failure in name resolution
[12:58:08.151] > local-server-7> ssh child died, shutting down
[12:58:08.163] Local server exit: 0
[12:58:08.164] Received install output: local-server-7> Spawned ssh, pid=126390
OpenSSH_8.2p1 Ubuntu-4ubuntu0.5, OpenSSL 1.1.1f  31 Mar 2020
ssh: Could not resolve hostname xz-ct1.cloudiplc.com: Temporary failure in name resolution
local-server-7> ssh child died, shutting down

[12:58:08.167] Resolver error: Error: Could not resolve hostname
	at g.Offline (/root/.vscode/extensions/ms-vscode-remote.remote-ssh-0.90.1/out/extension.js:1:585273)
	at /root/.vscode/extensions/ms-vscode-remote.remote-ssh-0.90.1/out/extension.js:1:582694
	at t.handleInstallOutput (/root/.vscode/extensions/ms-vscode-remote.remote-ssh-0.90.1/out/extension.js:1:583062)
	at Object.e [as tryInstallWithLocalServer] (/root/.vscode/extensions/ms-vscode-remote.remote-ssh-0.90.1/out/extension.js:1:624373)
	at process.processTicksAndRejections (node:internal/process/task_queues:96:5)
	at async /root/.vscode/extensions/ms-vscode-remote.remote-ssh-0.90.1/out/extension.js:1:643506
	at async t.withShowDetailsEvent (/root/.vscode/extensions/ms-vscode-remote.remote-ssh-0.90.1/out/extension.js:1:647224)
	at async /root/.vscode/extensions/ms-vscode-remote.remote-ssh-0.90.1/out/extension.js:1:622845
	at async T (/root/.vscode/extensions/ms-vscode-remote.remote-ssh-0.90.1/out/extension.js:1:619351)
	at async t.resolveWithLocalServer (/root/.vscode/extensions/ms-vscode-remote.remote-ssh-0.90.1/out/extension.js:1:622460)
	at async t.resolve (/root/.vscode/extensions/ms-vscode-remote.remote-ssh-0.90.1/out/extension.js:1:644834)
	at async /root/.vscode/extensions/ms-vscode-remote.remote-ssh-0.90.1/out/extension.js:1:726917
[12:58:08.173] ------




[12:58:18.234] ------




[12:58:18.234] SSH Resolver called for "ssh-remote+hust02", attempt 8, (Reconnection)
[12:58:18.237] SSH Resolver called for host: hust02
[12:58:18.237] Setting up SSH remote "hust02"
[12:58:18.241] Acquiring local install lock: /tmp/vscode-remote-ssh-d8136d83-install.lock
[12:58:18.242] Looking for existing server data file at /home/xyw/Documents/Code/Csdiy/Database/DBCMU2022/bustub-20221128-2022fall/.vscode-root/User/globalStorage/ms-vscode-remote.remote-ssh/vscode-ssh-host-d8136d83-784b0177c56c607789f9638da7b6bf3230d47a8c-0.90.1/data.json
[12:58:18.243] Using commit id "784b0177c56c607789f9638da7b6bf3230d47a8c" and quality "stable" for server
[12:58:18.251] Install and start server if needed
[12:58:18.258] askpass server listening on /tmp/vscode-ssh-askpass-a78aee170f5705afec87cc3256091d8ca7f3d3cf.sock
[12:58:18.259] Spawning local server with {"serverId":8,"ipcHandlePath":"/tmp/vscode-ssh-askpass-8867892b1e9d2b2df1bde2677654627157bef09a.sock","sshCommand":"ssh","sshArgs":["-v","-T","-D","46883","-o","ConnectTimeout=15","hust02"],"serverDataFolderName":".vscode-server","dataFilePath":"/home/xyw/Documents/Code/Csdiy/Database/DBCMU2022/bustub-20221128-2022fall/.vscode-root/User/globalStorage/ms-vscode-remote.remote-ssh/vscode-ssh-host-d8136d83-784b0177c56c607789f9638da7b6bf3230d47a8c-0.90.1/data.json"}
[12:58:18.259] Local server env: {"SHELL":"/bin/bash","DISPLAY":":0","ELECTRON_RUN_AS_NODE":"1","SSH_ASKPASS":"/root/.vscode/extensions/ms-vscode-remote.remote-ssh-0.90.1/out/local-server/askpass.sh","VSCODE_SSH_ASKPASS_NODE":"/usr/share/code/code","VSCODE_SSH_ASKPASS_EXTRA_ARGS":"--ms-enable-electron-run-as-node","VSCODE_SSH_ASKPASS_MAIN":"/root/.vscode/extensions/ms-vscode-remote.remote-ssh-0.90.1/out/askpass-main.js","VSCODE_SSH_ASKPASS_HANDLE":"/tmp/vscode-ssh-askpass-a78aee170f5705afec87cc3256091d8ca7f3d3cf.sock"}
[12:58:18.270] Spawned 126393
[12:58:18.536] > local-server-8> Spawned ssh, pid=126401
[12:58:18.552] stderr> OpenSSH_8.2p1 Ubuntu-4ubuntu0.5, OpenSSL 1.1.1f  31 Mar 2020
[12:58:18.559] stderr> ssh: Could not resolve hostname xz-ct1.cloudiplc.com: Temporary failure in name resolution
[12:58:18.559] > local-server-8> ssh child died, shutting down
[12:58:18.568] Local server exit: 0
[12:58:18.569] Received install output: local-server-8> Spawned ssh, pid=126401
OpenSSH_8.2p1 Ubuntu-4ubuntu0.5, OpenSSL 1.1.1f  31 Mar 2020
ssh: Could not resolve hostname xz-ct1.cloudiplc.com: Temporary failure in name resolution
local-server-8> ssh child died, shutting down

[12:58:18.571] Resolver error: Error: Could not resolve hostname
	at g.Offline (/root/.vscode/extensions/ms-vscode-remote.remote-ssh-0.90.1/out/extension.js:1:585273)
	at /root/.vscode/extensions/ms-vscode-remote.remote-ssh-0.90.1/out/extension.js:1:582694
	at t.handleInstallOutput (/root/.vscode/extensions/ms-vscode-remote.remote-ssh-0.90.1/out/extension.js:1:583062)
	at Object.e [as tryInstallWithLocalServer] (/root/.vscode/extensions/ms-vscode-remote.remote-ssh-0.90.1/out/extension.js:1:624373)
	at process.processTicksAndRejections (node:internal/process/task_queues:96:5)
	at async /root/.vscode/extensions/ms-vscode-remote.remote-ssh-0.90.1/out/extension.js:1:643506
	at async t.withShowDetailsEvent (/root/.vscode/extensions/ms-vscode-remote.remote-ssh-0.90.1/out/extension.js:1:647224)
	at async /root/.vscode/extensions/ms-vscode-remote.remote-ssh-0.90.1/out/extension.js:1:622845
	at async T (/root/.vscode/extensions/ms-vscode-remote.remote-ssh-0.90.1/out/extension.js:1:619351)
	at async t.resolveWithLocalServer (/root/.vscode/extensions/ms-vscode-remote.remote-ssh-0.90.1/out/extension.js:1:622460)
	at async t.resolve (/root/.vscode/extensions/ms-vscode-remote.remote-ssh-0.90.1/out/extension.js:1:644834)
	at async /root/.vscode/extensions/ms-vscode-remote.remote-ssh-0.90.1/out/extension.js:1:726917
[12:58:18.577] ------




[12:58:28.597] ------




[12:58:28.597] SSH Resolver called for "ssh-remote+hust02", attempt 9, (Reconnection)
[12:58:28.602] SSH Resolver called for host: hust02
[12:58:28.602] Setting up SSH remote "hust02"
[12:58:28.605] Acquiring local install lock: /tmp/vscode-remote-ssh-d8136d83-install.lock
[12:58:28.606] Looking for existing server data file at /home/xyw/Documents/Code/Csdiy/Database/DBCMU2022/bustub-20221128-2022fall/.vscode-root/User/globalStorage/ms-vscode-remote.remote-ssh/vscode-ssh-host-d8136d83-784b0177c56c607789f9638da7b6bf3230d47a8c-0.90.1/data.json
[12:58:28.607] Using commit id "784b0177c56c607789f9638da7b6bf3230d47a8c" and quality "stable" for server
[12:58:28.618] Install and start server if needed
[12:58:28.628] askpass server listening on /tmp/vscode-ssh-askpass-1730ec6a5075273374443fa44155f4a860b86799.sock
[12:58:28.628] Spawning local server with {"serverId":9,"ipcHandlePath":"/tmp/vscode-ssh-askpass-dd685411ca40b54b3a2caa5ac69dc3c979bfbb2b.sock","sshCommand":"ssh","sshArgs":["-v","-T","-D","36505","-o","ConnectTimeout=15","hust02"],"serverDataFolderName":".vscode-server","dataFilePath":"/home/xyw/Documents/Code/Csdiy/Database/DBCMU2022/bustub-20221128-2022fall/.vscode-root/User/globalStorage/ms-vscode-remote.remote-ssh/vscode-ssh-host-d8136d83-784b0177c56c607789f9638da7b6bf3230d47a8c-0.90.1/data.json"}
[12:58:28.629] Local server env: {"SHELL":"/bin/bash","DISPLAY":":0","ELECTRON_RUN_AS_NODE":"1","SSH_ASKPASS":"/root/.vscode/extensions/ms-vscode-remote.remote-ssh-0.90.1/out/local-server/askpass.sh","VSCODE_SSH_ASKPASS_NODE":"/usr/share/code/code","VSCODE_SSH_ASKPASS_EXTRA_ARGS":"--ms-enable-electron-run-as-node","VSCODE_SSH_ASKPASS_MAIN":"/root/.vscode/extensions/ms-vscode-remote.remote-ssh-0.90.1/out/askpass-main.js","VSCODE_SSH_ASKPASS_HANDLE":"/tmp/vscode-ssh-askpass-1730ec6a5075273374443fa44155f4a860b86799.sock"}
[12:58:28.641] Spawned 126404
[12:58:28.889] > local-server-9> Spawned ssh, pid=126412
[12:58:28.899] stderr> OpenSSH_8.2p1 Ubuntu-4ubuntu0.5, OpenSSL 1.1.1f  31 Mar 2020
[12:58:28.901] stderr> ssh: Could not resolve hostname xz-ct1.cloudiplc.com: Temporary failure in name resolution
[12:58:28.903] > local-server-9> ssh child died, shutting down
[12:58:28.916] Local server exit: 0
[12:58:28.917] Received install output: local-server-9> Spawned ssh, pid=126412
OpenSSH_8.2p1 Ubuntu-4ubuntu0.5, OpenSSL 1.1.1f  31 Mar 2020
ssh: Could not resolve hostname xz-ct1.cloudiplc.com: Temporary failure in name resolution
local-server-9> ssh child died, shutting down

[12:58:28.921] Resolver error: Error: Could not resolve hostname
	at g.Offline (/root/.vscode/extensions/ms-vscode-remote.remote-ssh-0.90.1/out/extension.js:1:585273)
	at /root/.vscode/extensions/ms-vscode-remote.remote-ssh-0.90.1/out/extension.js:1:582694
	at t.handleInstallOutput (/root/.vscode/extensions/ms-vscode-remote.remote-ssh-0.90.1/out/extension.js:1:583062)
	at Object.e [as tryInstallWithLocalServer] (/root/.vscode/extensions/ms-vscode-remote.remote-ssh-0.90.1/out/extension.js:1:624373)
	at process.processTicksAndRejections (node:internal/process/task_queues:96:5)
	at async /root/.vscode/extensions/ms-vscode-remote.remote-ssh-0.90.1/out/extension.js:1:643506
	at async t.withShowDetailsEvent (/root/.vscode/extensions/ms-vscode-remote.remote-ssh-0.90.1/out/extension.js:1:647224)
	at async /root/.vscode/extensions/ms-vscode-remote.remote-ssh-0.90.1/out/extension.js:1:622845
	at async T (/root/.vscode/extensions/ms-vscode-remote.remote-ssh-0.90.1/out/extension.js:1:619351)
	at async t.resolveWithLocalServer (/root/.vscode/extensions/ms-vscode-remote.remote-ssh-0.90.1/out/extension.js:1:622460)
	at async t.resolve (/root/.vscode/extensions/ms-vscode-remote.remote-ssh-0.90.1/out/extension.js:1:644834)
	at async /root/.vscode/extensions/ms-vscode-remote.remote-ssh-0.90.1/out/extension.js:1:726917
[12:58:28.925] ------




[12:58:58.985] ------




[12:58:58.985] SSH Resolver called for "ssh-remote+hust02", attempt 10, (Reconnection)
[12:58:58.988] SSH Resolver called for host: hust02
[12:58:58.988] Setting up SSH remote "hust02"
[12:58:58.993] Acquiring local install lock: /tmp/vscode-remote-ssh-d8136d83-install.lock
[12:58:58.995] Looking for existing server data file at /home/xyw/Documents/Code/Csdiy/Database/DBCMU2022/bustub-20221128-2022fall/.vscode-root/User/globalStorage/ms-vscode-remote.remote-ssh/vscode-ssh-host-d8136d83-784b0177c56c607789f9638da7b6bf3230d47a8c-0.90.1/data.json
[12:58:58.996] Using commit id "784b0177c56c607789f9638da7b6bf3230d47a8c" and quality "stable" for server
[12:58:59.006] Install and start server if needed
[12:58:59.016] askpass server listening on /tmp/vscode-ssh-askpass-b9b171ca26aef163e6a30e2be3ed232cfa35e186.sock
[12:58:59.016] Spawning local server with {"serverId":10,"ipcHandlePath":"/tmp/vscode-ssh-askpass-2e0576751052da921b1eb2a2284420e0d8762c45.sock","sshCommand":"ssh","sshArgs":["-v","-T","-D","39201","-o","ConnectTimeout=15","hust02"],"serverDataFolderName":".vscode-server","dataFilePath":"/home/xyw/Documents/Code/Csdiy/Database/DBCMU2022/bustub-20221128-2022fall/.vscode-root/User/globalStorage/ms-vscode-remote.remote-ssh/vscode-ssh-host-d8136d83-784b0177c56c607789f9638da7b6bf3230d47a8c-0.90.1/data.json"}
[12:58:59.016] Local server env: {"SHELL":"/bin/bash","DISPLAY":":0","ELECTRON_RUN_AS_NODE":"1","SSH_ASKPASS":"/root/.vscode/extensions/ms-vscode-remote.remote-ssh-0.90.1/out/local-server/askpass.sh","VSCODE_SSH_ASKPASS_NODE":"/usr/share/code/code","VSCODE_SSH_ASKPASS_EXTRA_ARGS":"--ms-enable-electron-run-as-node","VSCODE_SSH_ASKPASS_MAIN":"/root/.vscode/extensions/ms-vscode-remote.remote-ssh-0.90.1/out/askpass-main.js","VSCODE_SSH_ASKPASS_HANDLE":"/tmp/vscode-ssh-askpass-b9b171ca26aef163e6a30e2be3ed232cfa35e186.sock"}
[12:58:59.027] Spawned 126427
[12:58:59.264] > local-server-10> Spawned ssh, pid=126435
[12:58:59.274] stderr> OpenSSH_8.2p1 Ubuntu-4ubuntu0.5, OpenSSL 1.1.1f  31 Mar 2020
[12:58:59.276] stderr> ssh: Could not resolve hostname xz-ct1.cloudiplc.com: Temporary failure in name resolution
[12:58:59.277] > local-server-10> ssh child died, shutting down
[12:58:59.292] Local server exit: 0
[12:58:59.292] Received install output: local-server-10> Spawned ssh, pid=126435
OpenSSH_8.2p1 Ubuntu-4ubuntu0.5, OpenSSL 1.1.1f  31 Mar 2020
ssh: Could not resolve hostname xz-ct1.cloudiplc.com: Temporary failure in name resolution
local-server-10> ssh child died, shutting down

[12:58:59.294] Resolver error: Error: Could not resolve hostname
	at g.Offline (/root/.vscode/extensions/ms-vscode-remote.remote-ssh-0.90.1/out/extension.js:1:585273)
	at /root/.vscode/extensions/ms-vscode-remote.remote-ssh-0.90.1/out/extension.js:1:582694
	at t.handleInstallOutput (/root/.vscode/extensions/ms-vscode-remote.remote-ssh-0.90.1/out/extension.js:1:583062)
	at Object.e [as tryInstallWithLocalServer] (/root/.vscode/extensions/ms-vscode-remote.remote-ssh-0.90.1/out/extension.js:1:624373)
	at process.processTicksAndRejections (node:internal/process/task_queues:96:5)
	at async /root/.vscode/extensions/ms-vscode-remote.remote-ssh-0.90.1/out/extension.js:1:643506
	at async t.withShowDetailsEvent (/root/.vscode/extensions/ms-vscode-remote.remote-ssh-0.90.1/out/extension.js:1:647224)
	at async /root/.vscode/extensions/ms-vscode-remote.remote-ssh-0.90.1/out/extension.js:1:622845
	at async T (/root/.vscode/extensions/ms-vscode-remote.remote-ssh-0.90.1/out/extension.js:1:619351)
	at async t.resolveWithLocalServer (/root/.vscode/extensions/ms-vscode-remote.remote-ssh-0.90.1/out/extension.js:1:622460)
	at async t.resolve (/root/.vscode/extensions/ms-vscode-remote.remote-ssh-0.90.1/out/extension.js:1:644834)
	at async /root/.vscode/extensions/ms-vscode-remote.remote-ssh-0.90.1/out/extension.js:1:726917
[12:58:59.302] ------




