[21:34:39.398] Log Level: 2
[21:34:39.400] remote-ssh@0.90.1
[21:34:39.400] linux x64
[21:34:39.412] SSH Resolver called for "ssh-remote+hustt02", attempt 1
[21:34:39.413] "remote.SSH.useLocalServer": true
[21:34:39.414] "remote.SSH.path": undefined
[21:34:39.414] "remote.SSH.configFile": undefined
[21:34:39.415] "remote.SSH.useFlock": true
[21:34:39.415] "remote.SSH.lockfilesInTmp": false
[21:34:39.415] "remote.SSH.localServerDownload": auto
[21:34:39.416] "remote.SSH.remoteServerListenOnSocket": false
[21:34:39.416] "remote.SSH.showLoginTerminal": false
[21:34:39.416] "remote.SSH.defaultExtensions": []
[21:34:39.416] "remote.SSH.loglevel": 2
[21:34:39.417] "remote.SSH.enableDynamicForwarding": true
[21:34:39.417] "remote.SSH.enableRemoteCommand": false
[21:34:39.417] "remote.SSH.serverPickPortsFromRange": {}
[21:34:39.417] "remote.SSH.serverInstallPath": {}
[21:34:39.450] SSH Resolver called for host: hustt02
[21:34:39.450] Setting up SSH remote "hustt02"
[21:34:39.458] Acquiring local install lock: /tmp/vscode-remote-ssh-6988a32d-install.lock
[21:34:39.462] Looking for existing server data file at /home/xyw/Documents/Code/Csdiy/Database/DBCMU2022/bustub-20221128-2022fall/.vscode-root/User/globalStorage/ms-vscode-remote.remote-ssh/vscode-ssh-host-6988a32d-784b0177c56c607789f9638da7b6bf3230d47a8c-0.90.1/data.json
[21:34:39.464] Using commit id "784b0177c56c607789f9638da7b6bf3230d47a8c" and quality "stable" for server
[21:34:39.470] Install and start server if needed
[21:34:39.478] PATH: /usr/local/sbin:/usr/local/bin:/usr/sbin:/usr/bin:/sbin:/bin:/snap/bin
[21:34:39.478] Checking ssh with "ssh -V"
[21:34:39.515] > OpenSSH_8.2p1 Ubuntu-4ubuntu0.5, OpenSSL 1.1.1f  31 Mar 2020

[21:34:39.523] askpass server listening on /tmp/vscode-ssh-askpass-cf3ebc3e747f08e08a1fad7fbb5784565f43369b.sock
[21:34:39.524] Spawning local server with {"serverId":1,"ipcHandlePath":"/tmp/vscode-ssh-askpass-30b30765556f0d4175a6fb69e312d3089d7f9024.sock","sshCommand":"ssh","sshArgs":["-v","-T","-D","38255","-o","ConnectTimeout=15","hustt02"],"serverDataFolderName":".vscode-server","dataFilePath":"/home/xyw/Documents/Code/Csdiy/Database/DBCMU2022/bustub-20221128-2022fall/.vscode-root/User/globalStorage/ms-vscode-remote.remote-ssh/vscode-ssh-host-6988a32d-784b0177c56c607789f9638da7b6bf3230d47a8c-0.90.1/data.json"}
[21:34:39.524] Local server env: {"SHELL":"/bin/bash","DISPLAY":":0","ELECTRON_RUN_AS_NODE":"1","SSH_ASKPASS":"/root/.vscode/extensions/ms-vscode-remote.remote-ssh-0.90.1/out/local-server/askpass.sh","VSCODE_SSH_ASKPASS_NODE":"/usr/share/code/code","VSCODE_SSH_ASKPASS_EXTRA_ARGS":"--ms-enable-electron-run-as-node","VSCODE_SSH_ASKPASS_MAIN":"/root/.vscode/extensions/ms-vscode-remote.remote-ssh-0.90.1/out/askpass-main.js","VSCODE_SSH_ASKPASS_HANDLE":"/tmp/vscode-ssh-askpass-cf3ebc3e747f08e08a1fad7fbb5784565f43369b.sock"}
[21:34:39.536] Spawned 120541
[21:34:39.784] > local-server-1> Spawned ssh, pid=120549
[21:34:39.790] stderr> OpenSSH_8.2p1 Ubuntu-4ubuntu0.5, OpenSSL 1.1.1f  31 Mar 2020
[21:34:54.802] stderr> ssh: connect to host 222.20.95.156 port 39234: Connection timed out
[21:34:54.803] > local-server-1> ssh child died, shutting down
[21:34:54.811] Local server exit: 0
[21:34:54.812] Received install output: local-server-1> Spawned ssh, pid=120549
OpenSSH_8.2p1 Ubuntu-4ubuntu0.5, OpenSSL 1.1.1f  31 Mar 2020
ssh: connect to host 222.20.95.156 port 39234: Connection timed out
local-server-1> ssh child died, shutting down

[21:34:54.815] Resolver error: Error: The connection timed out
	at g.Offline (/root/.vscode/extensions/ms-vscode-remote.remote-ssh-0.90.1/out/extension.js:1:585273)
	at /root/.vscode/extensions/ms-vscode-remote.remote-ssh-0.90.1/out/extension.js:1:582848
	at t.handleInstallOutput (/root/.vscode/extensions/ms-vscode-remote.remote-ssh-0.90.1/out/extension.js:1:583062)
	at Object.e [as tryInstallWithLocalServer] (/root/.vscode/extensions/ms-vscode-remote.remote-ssh-0.90.1/out/extension.js:1:624373)
	at process.processTicksAndRejections (node:internal/process/task_queues:96:5)
	at async /root/.vscode/extensions/ms-vscode-remote.remote-ssh-0.90.1/out/extension.js:1:643506
	at async t.withShowDetailsEvent (/root/.vscode/extensions/ms-vscode-remote.remote-ssh-0.90.1/out/extension.js:1:647224)
	at async /root/.vscode/extensions/ms-vscode-remote.remote-ssh-0.90.1/out/extension.js:1:622845
	at async T (/root/.vscode/extensions/ms-vscode-remote.remote-ssh-0.90.1/out/extension.js:1:619351)
	at async t.resolveWithLocalServer (/root/.vscode/extensions/ms-vscode-remote.remote-ssh-0.90.1/out/extension.js:1:622460)
	at async t.resolve (/root/.vscode/extensions/ms-vscode-remote.remote-ssh-0.90.1/out/extension.js:1:644834)
	at async /root/.vscode/extensions/ms-vscode-remote.remote-ssh-0.90.1/out/extension.js:1:726917
[21:34:54.825] ------




[21:34:54.850] ------




[21:34:54.850] SSH Resolver called for "ssh-remote+hustt02", attempt 2, (Reconnection)
[21:34:54.852] SSH Resolver called for host: hustt02
[21:34:54.852] Setting up SSH remote "hustt02"
[21:34:54.854] Acquiring local install lock: /tmp/vscode-remote-ssh-6988a32d-install.lock
[21:34:54.855] Looking for existing server data file at /home/xyw/Documents/Code/Csdiy/Database/DBCMU2022/bustub-20221128-2022fall/.vscode-root/User/globalStorage/ms-vscode-remote.remote-ssh/vscode-ssh-host-6988a32d-784b0177c56c607789f9638da7b6bf3230d47a8c-0.90.1/data.json
[21:34:54.856] Using commit id "784b0177c56c607789f9638da7b6bf3230d47a8c" and quality "stable" for server
[21:34:54.859] Install and start server if needed
[21:34:54.865] askpass server listening on /tmp/vscode-ssh-askpass-ee0c39d65f5cb007f61927957d152dcd9870b5e6.sock
[21:34:54.865] Spawning local server with {"serverId":2,"ipcHandlePath":"/tmp/vscode-ssh-askpass-63a0aeafed5e400a645da680d54ea10ed4823e81.sock","sshCommand":"ssh","sshArgs":["-v","-T","-D","33721","-o","ConnectTimeout=15","hustt02"],"serverDataFolderName":".vscode-server","dataFilePath":"/home/xyw/Documents/Code/Csdiy/Database/DBCMU2022/bustub-20221128-2022fall/.vscode-root/User/globalStorage/ms-vscode-remote.remote-ssh/vscode-ssh-host-6988a32d-784b0177c56c607789f9638da7b6bf3230d47a8c-0.90.1/data.json"}
[21:34:54.865] Local server env: {"SHELL":"/bin/bash","DISPLAY":":0","ELECTRON_RUN_AS_NODE":"1","SSH_ASKPASS":"/root/.vscode/extensions/ms-vscode-remote.remote-ssh-0.90.1/out/local-server/askpass.sh","VSCODE_SSH_ASKPASS_NODE":"/usr/share/code/code","VSCODE_SSH_ASKPASS_EXTRA_ARGS":"--ms-enable-electron-run-as-node","VSCODE_SSH_ASKPASS_MAIN":"/root/.vscode/extensions/ms-vscode-remote.remote-ssh-0.90.1/out/askpass-main.js","VSCODE_SSH_ASKPASS_HANDLE":"/tmp/vscode-ssh-askpass-ee0c39d65f5cb007f61927957d152dcd9870b5e6.sock"}
[21:34:54.877] Spawned 120559
[21:34:55.055] > local-server-2> Spawned ssh, pid=120567
[21:34:55.061] stderr> OpenSSH_8.2p1 Ubuntu-4ubuntu0.5, OpenSSL 1.1.1f  31 Mar 2020
